{"/home/travis/build/npmtest/node-npmtest-airbrake/test.js":{"path":"/home/travis/build/npmtest/node-npmtest-airbrake/test.js","s":{"1":2,"2":2,"3":2,"4":2,"5":2,"6":2,"7":2,"8":1,"9":2,"10":2,"11":1,"12":1,"13":1,"14":1,"15":2,"16":2,"17":2,"18":2,"19":1,"20":1,"21":2,"22":2,"23":2,"24":1,"25":1,"26":1,"27":1,"28":1,"29":1,"30":1,"31":1,"32":1,"33":1,"34":1,"35":1,"36":1,"37":1,"38":1,"39":2,"40":2,"41":1,"42":2,"43":2,"44":1,"45":2,"46":2,"47":1,"48":2,"49":2,"50":1,"51":1,"52":1,"53":1,"54":1},"b":{"1":[2,1,1,1],"2":[1,1,1,1],"3":[1,1],"4":[1,1],"5":[1,1],"6":[1,1],"7":[1,1],"8":[1,1],"9":[1,1],"10":[1,1,1],"11":[1,1],"12":[1,1],"13":[1,1],"14":[1,1],"15":[1,1],"16":[1,1],"17":[1,1]},"f":{"1":2,"2":2,"3":2,"4":2,"5":2,"6":1,"7":1,"8":1,"9":2,"10":2,"11":2,"12":2,"13":1},"fnMap":{"1":{"name":"(anonymous_1)","line":12,"loc":{"start":{"line":12,"column":1},"end":{"line":12,"column":13}}},"2":{"name":"(anonymous_2)","line":19,"loc":{"start":{"line":19,"column":5},"end":{"line":19,"column":17}}},"3":{"name":"(anonymous_3)","line":23,"loc":{"start":{"line":23,"column":24},"end":{"line":23,"column":36}}},"4":{"name":"(anonymous_4)","line":61,"loc":{"start":{"line":61,"column":5},"end":{"line":61,"column":17}}},"5":{"name":"(anonymous_5)","line":82,"loc":{"start":{"line":82,"column":5},"end":{"line":82,"column":17}}},"6":{"name":"(anonymous_6)","line":91,"loc":{"start":{"line":91,"column":77},"end":{"line":94,"column":10}}},"7":{"name":"(anonymous_7)","line":112,"loc":{"start":{"line":112,"column":83},"end":{"line":115,"column":10}},"skip":true},"8":{"name":"(anonymous_8)","line":123,"loc":{"start":{"line":123,"column":77},"end":{"line":126,"column":10}},"skip":true},"9":{"name":"(anonymous_9)","line":139,"loc":{"start":{"line":139,"column":12},"end":{"line":139,"column":40}},"skip":true},"10":{"name":"(anonymous_10)","line":147,"loc":{"start":{"line":147,"column":77},"end":{"line":150,"column":10}},"skip":true},"11":{"name":"(anonymous_11)","line":158,"loc":{"start":{"line":158,"column":83},"end":{"line":161,"column":10}},"skip":true},"12":{"name":"(anonymous_12)","line":169,"loc":{"start":{"line":169,"column":79},"end":{"line":172,"column":10}},"skip":true},"13":{"name":"(anonymous_13)","line":180,"loc":{"start":{"line":180,"column":75},"end":{"line":183,"column":10}},"skip":true}},"statementMap":{"1":{"start":{"line":12,"column":0},"end":{"line":195,"column":5}},"2":{"start":{"line":14,"column":4},"end":{"line":14,"column":14}},"3":{"start":{"line":19,"column":4},"end":{"line":56,"column":9}},"4":{"start":{"line":21,"column":8},"end":{"line":21,"column":19}},"5":{"start":{"line":23,"column":8},"end":{"line":35,"column":13}},"6":{"start":{"line":24,"column":12},"end":{"line":34,"column":13}},"7":{"start":{"line":25,"column":16},"end":{"line":28,"column":30}},"8":{"start":{"line":30,"column":16},"end":{"line":33,"column":27}},"9":{"start":{"line":37,"column":8},"end":{"line":39,"column":21}},"10":{"start":{"line":40,"column":8},"end":{"line":53,"column":9}},"11":{"start":{"line":43,"column":12},"end":{"line":46,"column":14}},"12":{"start":{"line":47,"column":12},"end":{"line":47,"column":18}},"13":{"start":{"line":50,"column":12},"end":{"line":51,"column":46}},"14":{"start":{"line":52,"column":12},"end":{"line":52,"column":18}},"15":{"start":{"line":55,"column":8},"end":{"line":55,"column":35}},"16":{"start":{"line":61,"column":4},"end":{"line":63,"column":9}},"17":{"start":{"line":62,"column":8},"end":{"line":62,"column":15}},"18":{"start":{"line":64,"column":4},"end":{"line":77,"column":5}},"19":{"start":{"line":70,"column":8},"end":{"line":70,"column":14}},"20":{"start":{"line":76,"column":8},"end":{"line":76,"column":14}},"21":{"start":{"line":82,"column":4},"end":{"line":84,"column":9}},"22":{"start":{"line":83,"column":8},"end":{"line":83,"column":15}},"23":{"start":{"line":85,"column":4},"end":{"line":194,"column":5}},"24":{"start":{"line":91,"column":8},"end":{"line":99,"column":10}},"25":{"start":{"line":98,"column":12},"end":{"line":98,"column":35}},"26":{"start":{"line":102,"column":8},"end":{"line":104,"column":63}},"27":{"start":{"line":105,"column":8},"end":{"line":105,"column":14}},"28":{"start":{"line":112,"column":8},"end":{"line":121,"column":10},"skip":true},"29":{"start":{"line":119,"column":12},"end":{"line":119,"column":55},"skip":true},"30":{"start":{"line":120,"column":12},"end":{"line":120,"column":48},"skip":true},"31":{"start":{"line":123,"column":8},"end":{"line":136,"column":10},"skip":true},"32":{"start":{"line":130,"column":12},"end":{"line":130,"column":76},"skip":true},"33":{"start":{"line":131,"column":12},"end":{"line":131,"column":73},"skip":true},"34":{"start":{"line":132,"column":12},"end":{"line":132,"column":74},"skip":true},"35":{"start":{"line":133,"column":12},"end":{"line":133,"column":79},"skip":true},"36":{"start":{"line":134,"column":12},"end":{"line":134,"column":25},"skip":true},"37":{"start":{"line":135,"column":12},"end":{"line":135,"column":45},"skip":true},"38":{"start":{"line":138,"column":8},"end":{"line":145,"column":14},"skip":true},"39":{"start":{"line":143,"column":16},"end":{"line":143,"column":29},"skip":true},"40":{"start":{"line":144,"column":16},"end":{"line":144,"column":55},"skip":true},"41":{"start":{"line":147,"column":8},"end":{"line":156,"column":10},"skip":true},"42":{"start":{"line":154,"column":12},"end":{"line":154,"column":25},"skip":true},"43":{"start":{"line":155,"column":12},"end":{"line":155,"column":45},"skip":true},"44":{"start":{"line":158,"column":8},"end":{"line":167,"column":10},"skip":true},"45":{"start":{"line":165,"column":12},"end":{"line":165,"column":25},"skip":true},"46":{"start":{"line":166,"column":12},"end":{"line":166,"column":48},"skip":true},"47":{"start":{"line":169,"column":8},"end":{"line":178,"column":10},"skip":true},"48":{"start":{"line":176,"column":12},"end":{"line":176,"column":25},"skip":true},"49":{"start":{"line":177,"column":12},"end":{"line":177,"column":46},"skip":true},"50":{"start":{"line":180,"column":8},"end":{"line":189,"column":10},"skip":true},"51":{"start":{"line":187,"column":12},"end":{"line":187,"column":94},"skip":true},"52":{"start":{"line":188,"column":12},"end":{"line":188,"column":48},"skip":true},"53":{"start":{"line":192,"column":8},"end":{"line":192,"column":35},"skip":true},"54":{"start":{"line":193,"column":8},"end":{"line":193,"column":14},"skip":true}},"branchMap":{"1":{"line":25,"type":"binary-expr","locations":[{"start":{"line":25,"column":23},"end":{"line":25,"column":62}},{"start":{"line":26,"column":20},"end":{"line":26,"column":70}},{"start":{"line":27,"column":20},"end":{"line":27,"column":71}},{"start":{"line":28,"column":20},"end":{"line":28,"column":29}}]},"2":{"line":30,"type":"binary-expr","locations":[{"start":{"line":30,"column":23},"end":{"line":30,"column":37}},{"start":{"line":31,"column":20},"end":{"line":31,"column":61}},{"start":{"line":32,"column":20},"end":{"line":32,"column":70}},{"start":{"line":33,"column":20},"end":{"line":33,"column":26}}]},"3":{"line":37,"type":"cond-expr","locations":[{"start":{"line":38,"column":14},"end":{"line":38,"column":20}},{"start":{"line":39,"column":14},"end":{"line":39,"column":20}}]},"4":{"line":40,"type":"switch","locations":[{"start":{"line":42,"column":8},"end":{"line":47,"column":18}},{"start":{"line":49,"column":8},"end":{"line":52,"column":18}}]},"5":{"line":44,"type":"binary-expr","locations":[{"start":{"line":44,"column":16},"end":{"line":44,"column":44}},{"start":{"line":44,"column":48},"end":{"line":44,"column":66}}]},"6":{"line":50,"type":"binary-expr","locations":[{"start":{"line":50,"column":21},"end":{"line":50,"column":49}},{"start":{"line":50,"column":53},"end":{"line":50,"column":72}}]},"7":{"line":64,"type":"switch","locations":[{"start":{"line":69,"column":4},"end":{"line":70,"column":14}},{"start":{"line":75,"column":4},"end":{"line":76,"column":14}}]},"8":{"line":85,"type":"switch","locations":[{"start":{"line":90,"column":4},"end":{"line":105,"column":14}},{"start":{"line":111,"column":4},"end":{"line":193,"column":14},"skip":true}]},"9":{"line":91,"type":"binary-expr","locations":[{"start":{"line":91,"column":42},"end":{"line":91,"column":73}},{"start":{"line":91,"column":77},"end":{"line":99,"column":9}}]},"10":{"line":102,"type":"binary-expr","locations":[{"start":{"line":102,"column":18},"end":{"line":102,"column":32}},{"start":{"line":103,"column":12},"end":{"line":103,"column":53}},{"start":{"line":104,"column":12},"end":{"line":104,"column":61}}]},"11":{"line":112,"type":"binary-expr","locations":[{"start":{"line":112,"column":45},"end":{"line":112,"column":79},"skip":true},{"start":{"line":112,"column":83},"end":{"line":121,"column":9},"skip":true}]},"12":{"line":123,"type":"binary-expr","locations":[{"start":{"line":123,"column":42},"end":{"line":123,"column":73},"skip":true},{"start":{"line":123,"column":77},"end":{"line":136,"column":9},"skip":true}]},"13":{"line":138,"type":"binary-expr","locations":[{"start":{"line":138,"column":48},"end":{"line":138,"column":85},"skip":true},{"start":{"line":139,"column":12},"end":{"line":145,"column":13},"skip":true}]},"14":{"line":147,"type":"binary-expr","locations":[{"start":{"line":147,"column":42},"end":{"line":147,"column":73},"skip":true},{"start":{"line":147,"column":77},"end":{"line":156,"column":9},"skip":true}]},"15":{"line":158,"type":"binary-expr","locations":[{"start":{"line":158,"column":45},"end":{"line":158,"column":79},"skip":true},{"start":{"line":158,"column":83},"end":{"line":167,"column":9},"skip":true}]},"16":{"line":169,"type":"binary-expr","locations":[{"start":{"line":169,"column":43},"end":{"line":169,"column":75},"skip":true},{"start":{"line":169,"column":79},"end":{"line":178,"column":9},"skip":true}]},"17":{"line":180,"type":"binary-expr","locations":[{"start":{"line":180,"column":41},"end":{"line":180,"column":71},"skip":true},{"start":{"line":180,"column":75},"end":{"line":189,"column":9},"skip":true}]}},"code":["/* istanbul instrument in package npmtest_airbrake */","/*jslint","    bitwise: true,","    browser: true,","    maxerr: 8,","    maxlen: 96,","    node: true,","    nomen: true,","    regexp: true,","    stupid: true","*/","(function () {","    'use strict';","    var local;","","","","    // run shared js-env code - pre-init","    (function () {","        // init local","        local = {};","        // init modeJs","        local.modeJs = (function () {","            try {","                return typeof navigator.userAgent === 'string' &&","                    typeof document.querySelector('body') === 'object' &&","                    typeof XMLHttpRequest.prototype.open === 'function' &&","                    'browser';","            } catch (errorCaughtBrowser) {","                return module.exports &&","                    typeof process.versions.node === 'string' &&","                    typeof require('http').createServer === 'function' &&","                    'node';","            }","        }());","        // init global","        local.global = local.modeJs === 'browser'","            ? window","            : global;","        switch (local.modeJs) {","        // re-init local from window.local","        case 'browser':","            local = local.global.utility2.objectSetDefault(","                local.global.utility2_rollup || local.global.local,","                local.global.utility2","            );","            break;","        // re-init local from example.js","        case 'node':","            local = (local.global.utility2_rollup || require('utility2'))","                .requireExampleJsFromReadme();","            break;","        }","        // export local","        local.global.local = local;","    }());","","","","    // run shared js-env code - function","    (function () {","        return;","    }());","    switch (local.modeJs) {","","","","    // run browser js-env code - function","    case 'browser':","        break;","","","","    // run node js-env code - function","    case 'node':","        break;","    }","","","","    // run shared js-env code - post-init","    (function () {","        return;","    }());","    switch (local.modeJs) {","","","","    // run browser js-env code - post-init","    case 'browser':","        local.testCase_browser_nullCase = local.testCase_browser_nullCase || function (","            options,","            onError","        ) {","        /*","         * this function will test browsers's null-case handling-behavior-behavior","         */","            onError(null, options);","        };","","        // run tests","        local.nop(local.modeTest &&","            document.querySelector('#testRunButton1') &&","            document.querySelector('#testRunButton1').click());","        break;","","","","    // run node js-env code - post-init","    /* istanbul ignore next */","    case 'node':","        local.testCase_buildApidoc_default = local.testCase_buildApidoc_default || function (","            options,","            onError","        ) {","        /*","         * this function will test buildApidoc's default handling-behavior-behavior","         */","            options = { modulePathList: module.paths };","            local.buildApidoc(options, onError);","        };","","        local.testCase_buildApp_default = local.testCase_buildApp_default || function (","            options,","            onError","        ) {","        /*","         * this function will test buildApp's default handling-behavior-behavior","         */","            local.testCase_buildReadme_default(options, local.onErrorThrow);","            local.testCase_buildLib_default(options, local.onErrorThrow);","            local.testCase_buildTest_default(options, local.onErrorThrow);","            local.testCase_buildCustomOrg_default(options, local.onErrorThrow);","            options = [];","            local.buildApp(options, onError);","        };","","        local.testCase_buildCustomOrg_default = local.testCase_buildCustomOrg_default ||","            function (options, onError) {","            /*","             * this function will test buildCustomOrg's default handling-behavior","             */","                options = {};","                local.buildCustomOrg(options, onError);","            };","","        local.testCase_buildLib_default = local.testCase_buildLib_default || function (","            options,","            onError","        ) {","        /*","         * this function will test buildLib's default handling-behavior","         */","            options = {};","            local.buildLib(options, onError);","        };","","        local.testCase_buildReadme_default = local.testCase_buildReadme_default || function (","            options,","            onError","        ) {","        /*","         * this function will test buildReadme's default handling-behavior-behavior","         */","            options = {};","            local.buildReadme(options, onError);","        };","","        local.testCase_buildTest_default = local.testCase_buildTest_default || function (","            options,","            onError","        ) {","        /*","         * this function will test buildTest's default handling-behavior","         */","            options = {};","            local.buildTest(options, onError);","        };","","        local.testCase_webpage_default = local.testCase_webpage_default || function (","            options,","            onError","        ) {","        /*","         * this function will test webpage's default handling-behavior","         */","            options = { modeCoverageMerge: true, url: local.serverLocalHost + '?modeTest=1' };","            local.browserTest(options, onError);","        };","","        // run test-server","        local.testRunServer(local);","        break;","    }","}());",""],"l":{"12":2,"14":2,"19":2,"21":2,"23":2,"24":2,"25":2,"30":1,"37":2,"40":2,"43":1,"47":1,"50":1,"52":1,"55":2,"61":2,"62":2,"64":2,"70":1,"76":1,"82":2,"83":2,"85":2,"91":1,"98":1,"102":1,"105":1,"112":1,"119":1,"120":1,"123":1,"130":1,"131":1,"132":1,"133":1,"134":1,"135":1,"138":1,"143":2,"144":2,"147":1,"154":2,"155":2,"158":1,"165":2,"166":2,"169":1,"176":2,"177":2,"180":1,"187":1,"188":1,"192":1,"193":1}},"/home/travis/build/npmtest/node-npmtest-airbrake/lib.npmtest_airbrake.js":{"path":"/home/travis/build/npmtest/node-npmtest-airbrake/lib.npmtest_airbrake.js","s":{"1":2,"2":2,"3":2,"4":2,"5":2,"6":2,"7":2,"8":1,"9":2,"10":2,"11":2,"12":2,"13":1,"14":1,"15":1,"16":1},"b":{"1":[2,1,1,1],"2":[1,1,1,1],"3":[1,1],"4":[2,2],"5":[1,1]},"f":{"1":2,"2":2,"3":2},"fnMap":{"1":{"name":"(anonymous_1)","line":12,"loc":{"start":{"line":12,"column":1},"end":{"line":12,"column":13}}},"2":{"name":"(anonymous_2)","line":19,"loc":{"start":{"line":19,"column":5},"end":{"line":19,"column":17}}},"3":{"name":"(anonymous_3)","line":23,"loc":{"start":{"line":23,"column":24},"end":{"line":23,"column":36}}}},"statementMap":{"1":{"start":{"line":12,"column":0},"end":{"line":53,"column":5}},"2":{"start":{"line":14,"column":4},"end":{"line":14,"column":14}},"3":{"start":{"line":19,"column":4},"end":{"line":52,"column":9}},"4":{"start":{"line":21,"column":8},"end":{"line":21,"column":19}},"5":{"start":{"line":23,"column":8},"end":{"line":35,"column":13}},"6":{"start":{"line":24,"column":12},"end":{"line":34,"column":13}},"7":{"start":{"line":25,"column":16},"end":{"line":28,"column":30}},"8":{"start":{"line":30,"column":16},"end":{"line":33,"column":27}},"9":{"start":{"line":37,"column":8},"end":{"line":39,"column":21}},"10":{"start":{"line":41,"column":8},"end":{"line":41,"column":54}},"11":{"start":{"line":43,"column":8},"end":{"line":43,"column":53}},"12":{"start":{"line":45,"column":8},"end":{"line":51,"column":9}},"13":{"start":{"line":46,"column":12},"end":{"line":46,"column":59}},"14":{"start":{"line":48,"column":12},"end":{"line":48,"column":35}},"15":{"start":{"line":49,"column":12},"end":{"line":49,"column":49}},"16":{"start":{"line":50,"column":12},"end":{"line":50,"column":43}}},"branchMap":{"1":{"line":25,"type":"binary-expr","locations":[{"start":{"line":25,"column":23},"end":{"line":25,"column":62}},{"start":{"line":26,"column":20},"end":{"line":26,"column":70}},{"start":{"line":27,"column":20},"end":{"line":27,"column":71}},{"start":{"line":28,"column":20},"end":{"line":28,"column":29}}]},"2":{"line":30,"type":"binary-expr","locations":[{"start":{"line":30,"column":23},"end":{"line":30,"column":37}},{"start":{"line":31,"column":20},"end":{"line":31,"column":61}},{"start":{"line":32,"column":20},"end":{"line":32,"column":70}},{"start":{"line":33,"column":20},"end":{"line":33,"column":26}}]},"3":{"line":37,"type":"cond-expr","locations":[{"start":{"line":38,"column":14},"end":{"line":38,"column":20}},{"start":{"line":39,"column":14},"end":{"line":39,"column":20}}]},"4":{"line":41,"type":"binary-expr","locations":[{"start":{"line":41,"column":16},"end":{"line":41,"column":44}},{"start":{"line":41,"column":48},"end":{"line":41,"column":53}}]},"5":{"line":45,"type":"if","locations":[{"start":{"line":45,"column":8},"end":{"line":45,"column":8}},{"start":{"line":45,"column":8},"end":{"line":45,"column":8}}]}},"code":["/* istanbul instrument in package npmtest_airbrake */","/*jslint","    bitwise: true,","    browser: true,","    maxerr: 8,","    maxlen: 96,","    node: true,","    nomen: true,","    regexp: true,","    stupid: true","*/","(function () {","    'use strict';","    var local;","","","","    // run shared js-env code - pre-init","    (function () {","        // init local","        local = {};","        // init modeJs","        local.modeJs = (function () {","            try {","                return typeof navigator.userAgent === 'string' &&","                    typeof document.querySelector('body') === 'object' &&","                    typeof XMLHttpRequest.prototype.open === 'function' &&","                    'browser';","            } catch (errorCaughtBrowser) {","                return module.exports &&","                    typeof process.versions.node === 'string' &&","                    typeof require('http').createServer === 'function' &&","                    'node';","            }","        }());","        // init global","        local.global = local.modeJs === 'browser'","            ? window","            : global;","        // init utility2_rollup","        local = local.global.utility2_rollup || local;","        // init lib","        local.local = local.npmtest_airbrake = local;","        // init exports","        if (local.modeJs === 'browser') {","            local.global.utility2_npmtest_airbrake = local;","        } else {","            module.exports = local;","            module.exports.__dirname = __dirname;","            module.exports.module = module;","        }","    }());","}());",""],"l":{"12":2,"14":2,"19":2,"21":2,"23":2,"24":2,"25":2,"30":1,"37":2,"41":2,"43":2,"45":2,"46":1,"48":1,"49":1,"50":1}},"/home/travis/build/npmtest/node-npmtest-airbrake/example.js":{"path":"/home/travis/build/npmtest/node-npmtest-airbrake/example.js","s":{"1":2,"2":2,"3":2,"4":2,"5":2,"6":2,"7":2,"8":1,"9":2,"10":2,"11":2,"12":2,"13":1,"14":2,"15":2,"16":2,"17":2,"18":2,"19":0,"20":2,"21":1,"22":1,"23":1,"24":1,"25":1,"26":0,"27":0,"28":1,"29":1,"30":2,"31":0,"32":0,"33":0,"34":1,"35":2,"36":2,"37":3,"38":3,"39":3,"40":3,"41":0,"42":3,"43":3,"44":3,"45":1,"46":3,"47":1,"48":1,"49":1,"50":1,"51":1,"52":1,"53":1,"54":1,"55":1,"56":1,"57":0,"58":1,"59":6,"60":6,"61":1,"62":2,"63":0,"64":2,"65":1,"66":1,"67":0,"68":0,"69":0,"70":0,"71":0,"72":0,"73":0,"74":0,"75":0,"76":0,"77":0,"78":0,"79":0,"80":0,"81":0,"82":0,"83":0},"b":{"1":[2,1,1,1],"2":[1,1,1,1],"3":[1,1],"4":[2,2],"5":[1,1],"6":[1,1],"7":[2,0],"8":[2,1,1,1,1,1],"9":[0,2,0],"10":[1,1],"11":[2,1,1],"12":[1,0],"13":[0,2],"14":[2,0,0,0,0,0,0],"15":[0,3],"16":[3,0],"17":[1,1],"18":[0,1],"19":[1,2,0,2],"20":[1,0],"21":[1,1],"22":[0,0],"23":[0,0],"24":[0,0],"25":[0,0],"26":[0,0],"27":[0,0],"28":[0,0]},"f":{"1":2,"2":2,"3":2,"4":2,"5":2,"6":2,"7":3,"8":3,"9":3,"10":1,"11":6,"12":0},"fnMap":{"1":{"name":"(anonymous_1)","line":26,"loc":{"start":{"line":26,"column":1},"end":{"line":26,"column":13}}},"2":{"name":"(anonymous_2)","line":33,"loc":{"start":{"line":33,"column":5},"end":{"line":33,"column":17}}},"3":{"name":"(anonymous_3)","line":37,"loc":{"start":{"line":37,"column":24},"end":{"line":37,"column":36}}},"4":{"name":"(anonymous_4)","line":69,"loc":{"start":{"line":69,"column":31},"end":{"line":69,"column":48}},"skip":true},"5":{"name":"(anonymous_5)","line":78,"loc":{"start":{"line":78,"column":26},"end":{"line":78,"column":45}},"skip":true},"6":{"name":"(anonymous_6)","line":123,"loc":{"start":{"line":123,"column":33},"end":{"line":123,"column":48}},"skip":true},"7":{"name":"(anonymous_7)","line":125,"loc":{"start":{"line":125,"column":27},"end":{"line":125,"column":39}},"skip":true},"8":{"name":"(anonymous_8)","line":133,"loc":{"start":{"line":133,"column":59},"end":{"line":133,"column":74}},"skip":true},"9":{"name":"(anonymous_9)","line":143,"loc":{"start":{"line":143,"column":45},"end":{"line":143,"column":62}},"skip":true},"10":{"name":"(anonymous_10)","line":144,"loc":{"start":{"line":144,"column":73},"end":{"line":144,"column":92}},"skip":true},"11":{"name":"(anonymous_11)","line":272,"loc":{"start":{"line":272,"column":51},"end":{"line":272,"column":77}},"skip":true},"12":{"name":"(anonymous_12)","line":315,"loc":{"start":{"line":315,"column":32},"end":{"line":315,"column":61}},"skip":true}},"statementMap":{"1":{"start":{"line":26,"column":0},"end":{"line":326,"column":5}},"2":{"start":{"line":28,"column":4},"end":{"line":28,"column":14}},"3":{"start":{"line":33,"column":4},"end":{"line":60,"column":9}},"4":{"start":{"line":35,"column":8},"end":{"line":35,"column":19}},"5":{"start":{"line":37,"column":8},"end":{"line":49,"column":13}},"6":{"start":{"line":38,"column":12},"end":{"line":48,"column":13}},"7":{"start":{"line":39,"column":16},"end":{"line":42,"column":30}},"8":{"start":{"line":44,"column":16},"end":{"line":47,"column":27}},"9":{"start":{"line":51,"column":8},"end":{"line":53,"column":21}},"10":{"start":{"line":55,"column":8},"end":{"line":57,"column":45}},"11":{"start":{"line":59,"column":8},"end":{"line":59,"column":35}},"12":{"start":{"line":61,"column":4},"end":{"line":325,"column":5}},"13":{"start":{"line":69,"column":8},"end":{"line":121,"column":10},"skip":true},"14":{"start":{"line":70,"column":12},"end":{"line":88,"column":13},"skip":true},"15":{"start":{"line":76,"column":16},"end":{"line":87,"column":19},"skip":true},"16":{"start":{"line":79,"column":20},"end":{"line":86,"column":21},"skip":true},"17":{"start":{"line":82,"column":24},"end":{"line":82,"column":43},"skip":true},"18":{"start":{"line":83,"column":24},"end":{"line":83,"column":30},"skip":true},"19":{"start":{"line":85,"column":24},"end":{"line":85,"column":49},"skip":true},"20":{"start":{"line":89,"column":12},"end":{"line":107,"column":13},"skip":true},"21":{"start":{"line":92,"column":16},"end":{"line":102,"column":17},"skip":true},"22":{"start":{"line":93,"column":20},"end":{"line":93,"column":86},"skip":true},"23":{"start":{"line":94,"column":20},"end":{"line":95,"column":45},"skip":true},"24":{"start":{"line":96,"column":20},"end":{"line":96,"column":42},"skip":true},"25":{"start":{"line":97,"column":20},"end":{"line":97,"column":48},"skip":true},"26":{"start":{"line":100,"column":20},"end":{"line":100,"column":85},"skip":true},"27":{"start":{"line":101,"column":20},"end":{"line":101,"column":96},"skip":true},"28":{"start":{"line":103,"column":16},"end":{"line":103,"column":22},"skip":true},"29":{"start":{"line":106,"column":16},"end":{"line":106,"column":22},"skip":true},"30":{"start":{"line":108,"column":12},"end":{"line":120,"column":13},"skip":true},"31":{"start":{"line":114,"column":16},"end":{"line":119,"column":17},"skip":true},"32":{"start":{"line":116,"column":20},"end":{"line":116,"column":78},"skip":true},"33":{"start":{"line":118,"column":20},"end":{"line":118,"column":47},"skip":true},"34":{"start":{"line":123,"column":8},"end":{"line":141,"column":11},"skip":true},"35":{"start":{"line":124,"column":12},"end":{"line":124,"column":54},"skip":true},"36":{"start":{"line":125,"column":12},"end":{"line":140,"column":14},"skip":true},"37":{"start":{"line":126,"column":16},"end":{"line":126,"column":28},"skip":true},"38":{"start":{"line":127,"column":16},"end":{"line":127,"column":69},"skip":true},"39":{"start":{"line":128,"column":16},"end":{"line":128,"column":75},"skip":true},"40":{"start":{"line":129,"column":16},"end":{"line":131,"column":17},"skip":true},"41":{"start":{"line":130,"column":20},"end":{"line":130,"column":27},"skip":true},"42":{"start":{"line":133,"column":16},"end":{"line":137,"column":36},"skip":true},"43":{"start":{"line":134,"column":20},"end":{"line":136,"column":55},"skip":true},"44":{"start":{"line":139,"column":16},"end":{"line":139,"column":57},"skip":true},"45":{"start":{"line":143,"column":8},"end":{"line":147,"column":11},"skip":true},"46":{"start":{"line":144,"column":12},"end":{"line":146,"column":15},"skip":true},"47":{"start":{"line":145,"column":16},"end":{"line":145,"column":70},"skip":true},"48":{"start":{"line":149,"column":8},"end":{"line":149,"column":31},"skip":true},"49":{"start":{"line":150,"column":8},"end":{"line":150,"column":14},"skip":true},"50":{"start":{"line":158,"column":8},"end":{"line":158,"column":31},"skip":true},"51":{"start":{"line":160,"column":8},"end":{"line":160,"column":33},"skip":true},"52":{"start":{"line":161,"column":8},"end":{"line":161,"column":37},"skip":true},"53":{"start":{"line":162,"column":8},"end":{"line":162,"column":35},"skip":true},"54":{"start":{"line":164,"column":8},"end":{"line":164,"column":50},"skip":true},"55":{"start":{"line":166,"column":8},"end":{"line":256,"column":2},"skip":true},"56":{"start":{"line":258,"column":8},"end":{"line":286,"column":9},"skip":true},"57":{"start":{"line":259,"column":12},"end":{"line":269,"column":14},"skip":true},"58":{"start":{"line":271,"column":12},"end":{"line":285,"column":19},"skip":true},"59":{"start":{"line":274,"column":20},"end":{"line":274,"column":35},"skip":true},"60":{"start":{"line":275,"column":20},"end":{"line":284,"column":21},"skip":true},"61":{"start":{"line":277,"column":24},"end":{"line":277,"column":64},"skip":true},"62":{"start":{"line":279,"column":24},"end":{"line":279,"column":40},"skip":true},"63":{"start":{"line":281,"column":24},"end":{"line":281,"column":40},"skip":true},"64":{"start":{"line":283,"column":24},"end":{"line":283,"column":39},"skip":true},"65":{"start":{"line":288,"column":8},"end":{"line":290,"column":9},"skip":true},"66":{"start":{"line":289,"column":12},"end":{"line":289,"column":18},"skip":true},"67":{"start":{"line":291,"column":8},"end":{"line":293,"column":54},"skip":true},"68":{"start":{"line":296,"column":8},"end":{"line":301,"column":37},"skip":true},"69":{"start":{"line":303,"column":8},"end":{"line":303,"column":82},"skip":true},"70":{"start":{"line":306,"column":8},"end":{"line":308,"column":9},"skip":true},"71":{"start":{"line":307,"column":12},"end":{"line":307,"column":82},"skip":true},"72":{"start":{"line":310,"column":8},"end":{"line":312,"column":9},"skip":true},"73":{"start":{"line":311,"column":12},"end":{"line":311,"column":18},"skip":true},"74":{"start":{"line":313,"column":8},"end":{"line":313,"column":54},"skip":true},"75":{"start":{"line":314,"column":8},"end":{"line":314,"column":69},"skip":true},"76":{"start":{"line":315,"column":8},"end":{"line":323,"column":36},"skip":true},"77":{"start":{"line":316,"column":12},"end":{"line":316,"column":61},"skip":true},"78":{"start":{"line":317,"column":12},"end":{"line":320,"column":13},"skip":true},"79":{"start":{"line":318,"column":16},"end":{"line":318,"column":75},"skip":true},"80":{"start":{"line":319,"column":16},"end":{"line":319,"column":23},"skip":true},"81":{"start":{"line":321,"column":12},"end":{"line":321,"column":38},"skip":true},"82":{"start":{"line":322,"column":12},"end":{"line":322,"column":27},"skip":true},"83":{"start":{"line":324,"column":8},"end":{"line":324,"column":14},"skip":true}},"branchMap":{"1":{"line":39,"type":"binary-expr","locations":[{"start":{"line":39,"column":23},"end":{"line":39,"column":62}},{"start":{"line":40,"column":20},"end":{"line":40,"column":70}},{"start":{"line":41,"column":20},"end":{"line":41,"column":71}},{"start":{"line":42,"column":20},"end":{"line":42,"column":29}}]},"2":{"line":44,"type":"binary-expr","locations":[{"start":{"line":44,"column":23},"end":{"line":44,"column":37}},{"start":{"line":45,"column":20},"end":{"line":45,"column":61}},{"start":{"line":46,"column":20},"end":{"line":46,"column":70}},{"start":{"line":47,"column":20},"end":{"line":47,"column":26}}]},"3":{"line":51,"type":"cond-expr","locations":[{"start":{"line":52,"column":14},"end":{"line":52,"column":20}},{"start":{"line":53,"column":14},"end":{"line":53,"column":20}}]},"4":{"line":55,"type":"binary-expr","locations":[{"start":{"line":55,"column":16},"end":{"line":55,"column":44}},{"start":{"line":55,"column":49},"end":{"line":57,"column":43}}]},"5":{"line":55,"type":"cond-expr","locations":[{"start":{"line":56,"column":14},"end":{"line":56,"column":52}},{"start":{"line":57,"column":14},"end":{"line":57,"column":43}}]},"6":{"line":61,"type":"switch","locations":[{"start":{"line":68,"column":4},"end":{"line":150,"column":14},"skip":true},{"start":{"line":156,"column":4},"end":{"line":324,"column":14},"skip":true}]},"7":{"line":70,"type":"if","locations":[{"start":{"line":70,"column":12},"end":{"line":70,"column":12},"skip":true},{"start":{"line":70,"column":12},"end":{"line":70,"column":12},"skip":true}]},"8":{"line":70,"type":"binary-expr","locations":[{"start":{"line":70,"column":16},"end":{"line":70,"column":22},"skip":true},{"start":{"line":70,"column":27},"end":{"line":70,"column":32},"skip":true},{"start":{"line":71,"column":20},"end":{"line":71,"column":39},"skip":true},{"start":{"line":72,"column":20},"end":{"line":72,"column":49},"skip":true},{"start":{"line":73,"column":20},"end":{"line":73,"column":58},"skip":true},{"start":{"line":74,"column":20},"end":{"line":74,"column":69},"skip":true}]},"9":{"line":79,"type":"switch","locations":[{"start":{"line":80,"column":20},"end":{"line":80,"column":33},"skip":true},{"start":{"line":81,"column":20},"end":{"line":83,"column":30},"skip":true},{"start":{"line":84,"column":20},"end":{"line":85,"column":49},"skip":true}]},"10":{"line":89,"type":"switch","locations":[{"start":{"line":90,"column":12},"end":{"line":103,"column":22},"skip":true},{"start":{"line":105,"column":12},"end":{"line":106,"column":22},"skip":true}]},"11":{"line":89,"type":"binary-expr","locations":[{"start":{"line":89,"column":20},"end":{"line":89,"column":25},"skip":true},{"start":{"line":89,"column":29},"end":{"line":89,"column":48},"skip":true},{"start":{"line":89,"column":52},"end":{"line":89,"column":74},"skip":true}]},"12":{"line":92,"type":"if","locations":[{"start":{"line":92,"column":16},"end":{"line":92,"column":16},"skip":true},{"start":{"line":92,"column":16},"end":{"line":92,"column":16},"skip":true}]},"13":{"line":108,"type":"if","locations":[{"start":{"line":108,"column":12},"end":{"line":108,"column":12},"skip":true},{"start":{"line":108,"column":12},"end":{"line":108,"column":12},"skip":true}]},"14":{"line":108,"type":"binary-expr","locations":[{"start":{"line":108,"column":16},"end":{"line":108,"column":61},"skip":true},{"start":{"line":108,"column":66},"end":{"line":108,"column":72},"skip":true},{"start":{"line":108,"column":77},"end":{"line":108,"column":82},"skip":true},{"start":{"line":109,"column":20},"end":{"line":109,"column":39},"skip":true},{"start":{"line":110,"column":20},"end":{"line":110,"column":49},"skip":true},{"start":{"line":111,"column":20},"end":{"line":111,"column":58},"skip":true},{"start":{"line":112,"column":20},"end":{"line":112,"column":68},"skip":true}]},"15":{"line":129,"type":"if","locations":[{"start":{"line":129,"column":16},"end":{"line":129,"column":16},"skip":true},{"start":{"line":129,"column":16},"end":{"line":129,"column":16},"skip":true}]},"16":{"line":134,"type":"cond-expr","locations":[{"start":{"line":135,"column":26},"end":{"line":135,"column":29},"skip":true},{"start":{"line":136,"column":26},"end":{"line":136,"column":54},"skip":true}]},"17":{"line":164,"type":"binary-expr","locations":[{"start":{"line":164,"column":27},"end":{"line":164,"column":43},"skip":true},{"start":{"line":164,"column":47},"end":{"line":164,"column":49},"skip":true}]},"18":{"line":258,"type":"if","locations":[{"start":{"line":258,"column":8},"end":{"line":258,"column":8},"skip":true},{"start":{"line":258,"column":8},"end":{"line":258,"column":8},"skip":true}]},"19":{"line":275,"type":"switch","locations":[{"start":{"line":276,"column":20},"end":{"line":277,"column":64},"skip":true},{"start":{"line":278,"column":20},"end":{"line":279,"column":40},"skip":true},{"start":{"line":280,"column":20},"end":{"line":281,"column":40},"skip":true},{"start":{"line":282,"column":20},"end":{"line":283,"column":39},"skip":true}]},"20":{"line":288,"type":"if","locations":[{"start":{"line":288,"column":8},"end":{"line":288,"column":8},"skip":true},{"start":{"line":288,"column":8},"end":{"line":288,"column":8},"skip":true}]},"21":{"line":288,"type":"binary-expr","locations":[{"start":{"line":288,"column":12},"end":{"line":288,"column":40},"skip":true},{"start":{"line":288,"column":44},"end":{"line":288,"column":67},"skip":true}]},"22":{"line":292,"type":"binary-expr","locations":[{"start":{"line":292,"column":12},"end":{"line":292,"column":50},"skip":true},{"start":{"line":293,"column":12},"end":{"line":293,"column":53},"skip":true}]},"23":{"line":297,"type":"binary-expr","locations":[{"start":{"line":297,"column":12},"end":{"line":297,"column":66},"skip":true},{"start":{"line":298,"column":12},"end":{"line":301,"column":36},"skip":true}]},"24":{"line":303,"type":"binary-expr","locations":[{"start":{"line":303,"column":43},"end":{"line":303,"column":75},"skip":true},{"start":{"line":303,"column":79},"end":{"line":303,"column":81},"skip":true}]},"25":{"line":306,"type":"if","locations":[{"start":{"line":306,"column":8},"end":{"line":306,"column":8},"skip":true},{"start":{"line":306,"column":8},"end":{"line":306,"column":8},"skip":true}]},"26":{"line":310,"type":"if","locations":[{"start":{"line":310,"column":8},"end":{"line":310,"column":8},"skip":true},{"start":{"line":310,"column":8},"end":{"line":310,"column":8},"skip":true}]},"27":{"line":313,"type":"binary-expr","locations":[{"start":{"line":313,"column":27},"end":{"line":313,"column":43},"skip":true},{"start":{"line":313,"column":47},"end":{"line":313,"column":53},"skip":true}]},"28":{"line":317,"type":"if","locations":[{"start":{"line":317,"column":12},"end":{"line":317,"column":12},"skip":true},{"start":{"line":317,"column":12},"end":{"line":317,"column":12},"skip":true}]}},"code":["/*","example.js","","quickstart example","","instruction","    1. save this script as example.js","    2. run the shell command:","        $ npm install npmtest-airbrake && PORT=8081 node example.js","    3. play with the browser-demo on http://127.0.0.1:8081","*/","","","","/* istanbul instrument in package npmtest_airbrake */","/*jslint","    bitwise: true,","    browser: true,","    maxerr: 8,","    maxlen: 96,","    node: true,","    nomen: true,","    regexp: true,","    stupid: true","*/","(function () {","    'use strict';","    var local;","","","","    // run shared js-env code - pre-init","    (function () {","        // init local","        local = {};","        // init modeJs","        local.modeJs = (function () {","            try {","                return typeof navigator.userAgent === 'string' &&","                    typeof document.querySelector('body') === 'object' &&","                    typeof XMLHttpRequest.prototype.open === 'function' &&","                    'browser';","            } catch (errorCaughtBrowser) {","                return module.exports &&","                    typeof process.versions.node === 'string' &&","                    typeof require('http').createServer === 'function' &&","                    'node';","            }","        }());","        // init global","        local.global = local.modeJs === 'browser'","            ? window","            : global;","        // init utility2_rollup","        local = local.global.utility2_rollup || (local.modeJs === 'browser'","            ? local.global.utility2_npmtest_airbrake","            : global.utility2_moduleExports);","        // export local","        local.global.local = local;","    }());","    switch (local.modeJs) {","","","","    // post-init","    // run browser js-env code - post-init","    /* istanbul ignore next */","    case 'browser':","        local.testRunBrowser = function (event) {","            if (!event || (event &&","                    event.currentTarget &&","                    event.currentTarget.className &&","                    event.currentTarget.className.includes &&","                    event.currentTarget.className.includes('onreset'))) {","                // reset output","                Array.from(","                    document.querySelectorAll('body > .resettable')","                ).forEach(function (element) {","                    switch (element.tagName) {","                    case 'INPUT':","                    case 'TEXTAREA':","                        element.value = '';","                        break;","                    default:","                        element.textContent = '';","                    }","                });","            }","            switch (event && event.currentTarget && event.currentTarget.id) {","            case 'testRunButton1':","                // show tests","                if (document.querySelector('#testReportDiv1').style.display === 'none') {","                    document.querySelector('#testReportDiv1').style.display = 'block';","                    document.querySelector('#testRunButton1').textContent =","                        'hide internal test';","                    local.modeTest = true;","                    local.testRunDefault(local);","                // hide tests","                } else {","                    document.querySelector('#testReportDiv1').style.display = 'none';","                    document.querySelector('#testRunButton1').textContent = 'run internal test';","                }","                break;","            // custom-case","            default:","                break;","            }","            if (document.querySelector('#inputTextareaEval1') && (!event || (event &&","                    event.currentTarget &&","                    event.currentTarget.className &&","                    event.currentTarget.className.includes &&","                    event.currentTarget.className.includes('oneval')))) {","                // try to eval input-code","                try {","                    /*jslint evil: true*/","                    eval(document.querySelector('#inputTextareaEval1').value);","                } catch (errorCaught) {","                    console.error(errorCaught);","                }","            }","        };","        // log stderr and stdout to #outputTextareaStdout1","        ['error', 'log'].forEach(function (key) {","            console[key + '_original'] = console[key];","            console[key] = function () {","                var element;","                console[key + '_original'].apply(console, arguments);","                element = document.querySelector('#outputTextareaStdout1');","                if (!element) {","                    return;","                }","                // append text to #outputTextareaStdout1","                element.value += Array.from(arguments).map(function (arg) {","                    return typeof arg === 'string'","                        ? arg","                        : JSON.stringify(arg, null, 4);","                }).join(' ') + '\\n';","                // scroll textarea to bottom","                element.scrollTop = element.scrollHeight;","            };","        });","        // init event-handling","        ['change', 'click', 'keyup'].forEach(function (event) {","            Array.from(document.querySelectorAll('.on' + event)).forEach(function (element) {","                element.addEventListener(event, local.testRunBrowser);","            });","        });","        // run tests","        local.testRunBrowser();","        break;","","","","    // run node js-env code - post-init","    /* istanbul ignore next */","    case 'node':","        // export local","        module.exports = local;","        // require modules","        local.fs = require('fs');","        local.http = require('http');","        local.url = require('url');","        // init assets","        local.assetsDict = local.assetsDict || {};","        /* jslint-ignore-begin */","        local.assetsDict['/assets.index.template.html'] = '\\","<!doctype html>\\n\\","<html lang=\"en\">\\n\\","<head>\\n\\","<meta charset=\"UTF-8\">\\n\\","<meta name=\"viewport\" content=\"width=device-width, initial-scale=1\">\\n\\","<title>{{env.npm_package_name}} (v{{env.npm_package_version}})</title>\\n\\","<style>\\n\\","/*csslint\\n\\","    box-sizing: false,\\n\\","    universal-selector: false\\n\\","*/\\n\\","* {\\n\\","    box-sizing: border-box;\\n\\","}\\n\\","body {\\n\\","    background: #dde;\\n\\","    font-family: Arial, Helvetica, sans-serif;\\n\\","    margin: 2rem;\\n\\","}\\n\\","body > * {\\n\\","    margin-bottom: 1rem;\\n\\","}\\n\\",".utility2FooterDiv {\\n\\","    margin-top: 20px;\\n\\","    text-align: center;\\n\\","}\\n\\","</style>\\n\\","<style>\\n\\","/*csslint\\n\\","*/\\n\\","textarea {\\n\\","    font-family: monospace;\\n\\","    height: 10rem;\\n\\","    width: 100%;\\n\\","}\\n\\","textarea[readonly] {\\n\\","    background: #ddd;\\n\\","}\\n\\","</style>\\n\\","</head>\\n\\","<body>\\n\\","<!-- utility2-comment\\n\\","<div id=\"ajaxProgressDiv1\" style=\"background: #d00; height: 2px; left: 0; margin: 0; padding: 0; position: fixed; top: 0; transition: background 0.5s, width 1.5s; width: 25%;\"></div>\\n\\","utility2-comment -->\\n\\","<h1>\\n\\","<!-- utility2-comment\\n\\","    <a\\n\\","        {{#if env.npm_package_homepage}}\\n\\","        href=\"{{env.npm_package_homepage}}\"\\n\\","        {{/if env.npm_package_homepage}}\\n\\","        target=\"_blank\"\\n\\","    >\\n\\","utility2-comment -->\\n\\","        {{env.npm_package_name}} (v{{env.npm_package_version}})\\n\\","<!-- utility2-comment\\n\\","    </a>\\n\\","utility2-comment -->\\n\\","</h1>\\n\\","<h3>{{env.npm_package_description}}</h3>\\n\\","<!-- utility2-comment\\n\\","<h4><a download href=\"assets.app.js\">download standalone app</a></h4>\\n\\","<button class=\"onclick onreset\" id=\"testRunButton1\">run internal test</button><br>\\n\\","<div id=\"testReportDiv1\" style=\"display: none;\"></div>\\n\\","utility2-comment -->\\n\\","\\n\\","\\n\\","\\n\\","<label>stderr and stdout</label>\\n\\","<textarea class=\"resettable\" id=\"outputTextareaStdout1\" readonly></textarea>\\n\\","<!-- utility2-comment\\n\\","{{#if isRollup}}\\n\\","<script src=\"assets.app.js\"></script>\\n\\","{{#unless isRollup}}\\n\\","utility2-comment -->\\n\\","<script src=\"assets.utility2.rollup.js\"></script>\\n\\","<script src=\"jsonp.utility2._stateInit?callback=window.utility2._stateInit\"></script>\\n\\","<script src=\"assets.npmtest_airbrake.rollup.js\"></script>\\n\\","<script src=\"assets.example.js\"></script>\\n\\","<script src=\"assets.test.js\"></script>\\n\\","<!-- utility2-comment\\n\\","{{/if isRollup}}\\n\\","utility2-comment -->\\n\\","<div class=\"utility2FooterDiv\">\\n\\","    [ this app was created with\\n\\","    <a href=\"https://github.com/kaizhu256/node-utility2\" target=\"_blank\">utility2</a>\\n\\","    ]\\n\\","</div>\\n\\","</body>\\n\\","</html>\\n\\","';","        /* jslint-ignore-end */","        if (local.templateRender) {","            local.assetsDict['/'] = local.templateRender(","                local.assetsDict['/assets.index.template.html'],","                {","                    env: local.objectSetDefault(local.env, {","                        npm_package_description: 'the greatest app in the world!',","                        npm_package_name: 'my-app',","                        npm_package_nameAlias: 'my_app',","                        npm_package_version: '0.0.1'","                    })","                }","            );","        } else {","            local.assetsDict['/'] = local.assetsDict['/assets.index.template.html']","                .replace((/\\{\\{env\\.(\\w+?)\\}\\}/g), function (match0, match1) {","                    // jslint-hack","                    String(match0);","                    switch (match1) {","                    case 'npm_package_description':","                        return 'the greatest app in the world!';","                    case 'npm_package_name':","                        return 'my-app';","                    case 'npm_package_nameAlias':","                        return 'my_app';","                    case 'npm_package_version':","                        return '0.0.1';","                    }","                });","        }","        // run the cli","        if (local.global.utility2_rollup || module !== require.main) {","            break;","        }","        local.assetsDict['/assets.example.js'] =","            local.assetsDict['/assets.example.js'] ||","            local.fs.readFileSync(__filename, 'utf8');","        // bug-workaround - long $npm_package_buildCustomOrg","        /* jslint-ignore-begin */","        local.assetsDict['/assets.npmtest_airbrake.rollup.js'] =","            local.assetsDict['/assets.npmtest_airbrake.rollup.js'] ||","            local.fs.readFileSync(","                local.npmtest_airbrake.__dirname + '/lib.npmtest_airbrake.js',","                'utf8'","            ).replace((/^#!/), '//');","        /* jslint-ignore-end */","        local.assetsDict['/favicon.ico'] = local.assetsDict['/favicon.ico'] || '';","        // if $npm_config_timeout_exit exists,","        // then exit this process after $npm_config_timeout_exit ms","        if (Number(process.env.npm_config_timeout_exit)) {","            setTimeout(process.exit, Number(process.env.npm_config_timeout_exit));","        }","        // start server","        if (local.global.utility2_serverHttp1) {","            break;","        }","        process.env.PORT = process.env.PORT || '8081';","        console.error('server starting on port ' + process.env.PORT);","        local.http.createServer(function (request, response) {","            request.urlParsed = local.url.parse(request.url);","            if (local.assetsDict[request.urlParsed.pathname] !== undefined) {","                response.end(local.assetsDict[request.urlParsed.pathname]);","                return;","            }","            response.statusCode = 404;","            response.end();","        }).listen(process.env.PORT);","        break;","    }","}());",""],"l":{"26":2,"28":2,"33":2,"35":2,"37":2,"38":2,"39":2,"44":1,"51":2,"55":2,"59":2,"61":2,"69":1,"70":2,"76":2,"79":2,"82":2,"83":2,"85":1,"89":2,"92":1,"93":1,"94":1,"96":1,"97":1,"100":1,"101":1,"103":1,"106":1,"108":2,"114":1,"116":1,"118":1,"123":1,"124":2,"125":2,"126":3,"127":3,"128":3,"129":3,"130":1,"133":3,"134":3,"139":3,"143":1,"144":3,"145":1,"149":1,"150":1,"158":1,"160":1,"161":1,"162":1,"164":1,"166":1,"258":1,"259":1,"271":1,"274":6,"275":6,"277":1,"279":2,"281":1,"283":2,"288":1,"289":1,"291":1,"296":1,"303":1,"306":1,"307":1,"310":1,"311":1,"313":1,"314":1,"315":1,"316":1,"317":1,"318":1,"319":1,"321":1,"322":1,"324":1}},"/home/travis/build/npmtest/node-npmtest-airbrake/node_modules/airbrake/index.js":{"path":"/home/travis/build/npmtest/node-npmtest-airbrake/node_modules/airbrake/index.js","s":{"1":1},"b":{},"f":{},"fnMap":{},"statementMap":{"1":{"start":{"line":1,"column":0},"end":{"line":1,"column":43}}},"branchMap":{},"code":["module.exports = require('./lib/airbrake');",""],"l":{"1":1}},"/home/travis/build/npmtest/node-npmtest-airbrake/node_modules/airbrake/lib/airbrake.js":{"path":"/home/travis/build/npmtest/node-npmtest-airbrake/node_modules/airbrake/lib/airbrake.js","s":{"1":1,"2":1,"3":1,"4":1,"5":1,"6":1,"7":1,"8":1,"9":1,"10":1,"11":1,"12":1,"13":0,"14":0,"15":0,"16":0,"17":0,"18":0,"19":0,"20":0,"21":0,"22":0,"23":0,"24":0,"25":0,"26":0,"27":0,"28":0,"29":0,"30":1,"31":1,"32":1,"33":1,"34":1,"35":0,"36":0,"37":0,"38":0,"39":0,"40":0,"41":0,"42":1,"43":0,"44":0,"45":0,"46":0,"47":0,"48":0,"49":0,"50":0,"51":0,"52":0,"53":0,"54":0,"55":0,"56":0,"57":0,"58":0,"59":0,"60":0,"61":0,"62":1,"63":0,"64":0,"65":0,"66":0,"67":0,"68":0,"69":0,"70":0,"71":0,"72":0,"73":0,"74":0,"75":0,"76":0,"77":1,"78":0,"79":0,"80":0,"81":0,"82":0,"83":0,"84":0,"85":0,"86":0,"87":0,"88":0,"89":0,"90":0,"91":1,"92":0,"93":0,"94":0,"95":0,"96":1,"97":0,"98":0,"99":1,"100":0,"101":0,"102":0,"103":0,"104":0,"105":0,"106":0,"107":0,"108":0,"109":0,"110":0,"111":0,"112":0,"113":1,"114":0,"115":1,"116":0,"117":0,"118":0,"119":0,"120":0,"121":0,"122":0,"123":0,"124":0,"125":0,"126":0,"127":0,"128":1,"129":0,"130":0,"131":0,"132":0,"133":0,"134":0,"135":0,"136":1,"137":0,"138":1,"139":0,"140":0,"141":0,"142":0,"143":0,"144":0,"145":0,"146":0,"147":0,"148":0,"149":0,"150":0,"151":0,"152":0,"153":0,"154":0,"155":0,"156":0,"157":0,"158":0,"159":0,"160":0,"161":0,"162":0,"163":0,"164":0,"165":0,"166":0,"167":0,"168":0,"169":1,"170":0,"171":0,"172":0,"173":0,"174":0,"175":0,"176":0,"177":0,"178":0,"179":0,"180":0,"181":1,"182":0,"183":0,"184":0,"185":0,"186":1,"187":0,"188":1,"189":0,"190":1,"191":0,"192":0,"193":0,"194":0,"195":0,"196":0,"197":0,"198":0,"199":0,"200":0,"201":0,"202":0,"203":0,"204":0,"205":0,"206":0,"207":1,"208":0,"209":1},"b":{"1":[0,0],"2":[0,0],"3":[0,0],"4":[0,0],"5":[0,0],"6":[0,0],"7":[0,0],"8":[0,0],"9":[0,0],"10":[0,0],"11":[0,0],"12":[0,0],"13":[0,0],"14":[0,0],"15":[0,0],"16":[0,0],"17":[0,0],"18":[0,0],"19":[0,0],"20":[0,0],"21":[0,0],"22":[0,0],"23":[0,0],"24":[0,0],"25":[0,0],"26":[0,0],"27":[0,0],"28":[0,0],"29":[0,0],"30":[0,0],"31":[0,0],"32":[0,0],"33":[0,0],"34":[0,0],"35":[0,0],"36":[0,0],"37":[0,0],"38":[0,0],"39":[0,0],"40":[0,0],"41":[0,0],"42":[0,0]},"f":{"1":0,"2":1,"3":0,"4":0,"5":0,"6":0,"7":0,"8":0,"9":0,"10":0,"11":0,"12":0,"13":0,"14":0,"15":0,"16":0,"17":0,"18":0,"19":0,"20":0,"21":0,"22":0,"23":0,"24":0,"25":0,"26":0,"27":0,"28":0,"29":0,"30":0,"31":0,"32":0,"33":0,"34":0,"35":0},"fnMap":{"1":{"name":"Airbrake","line":16,"loc":{"start":{"line":16,"column":0},"end":{"line":16,"column":20}}},"2":{"name":"(anonymous_2)","line":51,"loc":{"start":{"line":51,"column":20},"end":{"line":51,"column":31}}},"3":{"name":"(anonymous_3)","line":56,"loc":{"start":{"line":56,"column":24},"end":{"line":56,"column":54}}},"4":{"name":"(anonymous_4)","line":69,"loc":{"start":{"line":69,"column":36},"end":{"line":69,"column":71}}},"5":{"name":"(anonymous_5)","line":73,"loc":{"start":{"line":73,"column":36},"end":{"line":73,"column":50}}},"6":{"name":"errorHandler","line":78,"loc":{"start":{"line":78,"column":9},"end":{"line":78,"column":52}}},"7":{"name":"(anonymous_7)","line":98,"loc":{"start":{"line":98,"column":33},"end":{"line":98,"column":44}}},"8":{"name":"(anonymous_8)","line":101,"loc":{"start":{"line":101,"column":14},"end":{"line":101,"column":46}}},"9":{"name":"(anonymous_9)","line":102,"loc":{"start":{"line":102,"column":33},"end":{"line":102,"column":52}}},"10":{"name":"(anonymous_10)","line":127,"loc":{"start":{"line":127,"column":30},"end":{"line":127,"column":49}}},"11":{"name":"(anonymous_11)","line":133,"loc":{"start":{"line":133,"column":21},"end":{"line":133,"column":61}}},"12":{"name":"(anonymous_12)","line":149,"loc":{"start":{"line":149,"column":38},"end":{"line":149,"column":52}}},"13":{"name":"(anonymous_13)","line":152,"loc":{"start":{"line":152,"column":34},"end":{"line":152,"column":48}}},"14":{"name":"(anonymous_14)","line":157,"loc":{"start":{"line":157,"column":25},"end":{"line":157,"column":39}}},"15":{"name":"(anonymous_15)","line":163,"loc":{"start":{"line":163,"column":34},"end":{"line":163,"column":53}}},"16":{"name":"(anonymous_16)","line":178,"loc":{"start":{"line":178,"column":19},"end":{"line":178,"column":59}}},"17":{"name":"(anonymous_17)","line":204,"loc":{"start":{"line":204,"column":31},"end":{"line":204,"column":48}}},"18":{"name":"(anonymous_18)","line":208,"loc":{"start":{"line":208,"column":28},"end":{"line":208,"column":46}}},"19":{"name":"(anonymous_19)","line":212,"loc":{"start":{"line":212,"column":33},"end":{"line":212,"column":53}}},"20":{"name":"(anonymous_20)","line":220,"loc":{"start":{"line":220,"column":23},"end":{"line":220,"column":40}}},"21":{"name":"(anonymous_21)","line":233,"loc":{"start":{"line":233,"column":31},"end":{"line":233,"column":44}}},"22":{"name":"(anonymous_22)","line":235,"loc":{"start":{"line":235,"column":9},"end":{"line":235,"column":23}}},"23":{"name":"(anonymous_23)","line":247,"loc":{"start":{"line":247,"column":25},"end":{"line":247,"column":40}}},"24":{"name":"(anonymous_24)","line":251,"loc":{"start":{"line":251,"column":37},"end":{"line":251,"column":51}}},"25":{"name":"(anonymous_25)","line":256,"loc":{"start":{"line":256,"column":37},"end":{"line":256,"column":51}}},"26":{"name":"(anonymous_26)","line":264,"loc":{"start":{"line":264,"column":37},"end":{"line":264,"column":51}}},"27":{"name":"(anonymous_27)","line":277,"loc":{"start":{"line":277,"column":27},"end":{"line":277,"column":41}}},"28":{"name":"(anonymous_28)","line":304,"loc":{"start":{"line":304,"column":33},"end":{"line":304,"column":47}}},"29":{"name":"(anonymous_29)","line":324,"loc":{"start":{"line":324,"column":32},"end":{"line":324,"column":46}}},"30":{"name":"(anonymous_30)","line":333,"loc":{"start":{"line":333,"column":29},"end":{"line":333,"column":48}}},"31":{"name":"(anonymous_31)","line":348,"loc":{"start":{"line":348,"column":33},"end":{"line":348,"column":47}}},"32":{"name":"(anonymous_32)","line":354,"loc":{"start":{"line":354,"column":32},"end":{"line":354,"column":46}}},"33":{"name":"(anonymous_33)","line":360,"loc":{"start":{"line":360,"column":37},"end":{"line":360,"column":58}}},"34":{"name":"(anonymous_34)","line":393,"loc":{"start":{"line":393,"column":19},"end":{"line":393,"column":52}}},"35":{"name":"(anonymous_35)","line":409,"loc":{"start":{"line":409,"column":40},"end":{"line":409,"column":57}}}},"statementMap":{"1":{"start":{"line":1,"column":0},"end":{"line":1,"column":53}},"2":{"start":{"line":3,"column":0},"end":{"line":3,"column":23}},"3":{"start":{"line":4,"column":0},"end":{"line":4,"column":23}},"4":{"start":{"line":5,"column":0},"end":{"line":5,"column":50}},"5":{"start":{"line":6,"column":0},"end":{"line":6,"column":33}},"6":{"start":{"line":7,"column":0},"end":{"line":7,"column":40}},"7":{"start":{"line":8,"column":0},"end":{"line":8,"column":36}},"8":{"start":{"line":9,"column":0},"end":{"line":9,"column":49}},"9":{"start":{"line":10,"column":0},"end":{"line":10,"column":25}},"10":{"start":{"line":12,"column":0},"end":{"line":12,"column":44}},"11":{"start":{"line":14,"column":0},"end":{"line":14,"column":37}},"12":{"start":{"line":16,"column":0},"end":{"line":47,"column":1}},"13":{"start":{"line":17,"column":2},"end":{"line":17,"column":18}},"14":{"start":{"line":18,"column":2},"end":{"line":18,"column":24}},"15":{"start":{"line":20,"column":2},"end":{"line":20,"column":41}},"16":{"start":{"line":21,"column":2},"end":{"line":21,"column":51}},"17":{"start":{"line":22,"column":2},"end":{"line":22,"column":26}},"18":{"start":{"line":23,"column":2},"end":{"line":23,"column":26}},"19":{"start":{"line":24,"column":2},"end":{"line":24,"column":20}},"20":{"start":{"line":25,"column":2},"end":{"line":25,"column":35}},"21":{"start":{"line":26,"column":2},"end":{"line":26,"column":25}},"22":{"start":{"line":27,"column":2},"end":{"line":27,"column":27}},"23":{"start":{"line":28,"column":2},"end":{"line":28,"column":31}},"24":{"start":{"line":30,"column":2},"end":{"line":30,"column":20}},"25":{"start":{"line":31,"column":2},"end":{"line":31,"column":26}},"26":{"start":{"line":32,"column":2},"end":{"line":32,"column":70}},"27":{"start":{"line":33,"column":2},"end":{"line":33,"column":27}},"28":{"start":{"line":34,"column":2},"end":{"line":34,"column":30}},"29":{"start":{"line":35,"column":2},"end":{"line":46,"column":4}},"30":{"start":{"line":49,"column":0},"end":{"line":49,"column":50}},"31":{"start":{"line":51,"column":0},"end":{"line":54,"column":5}},"32":{"start":{"line":52,"column":2},"end":{"line":52,"column":69}},"33":{"start":{"line":53,"column":2},"end":{"line":53,"column":26}},"34":{"start":{"line":56,"column":0},"end":{"line":67,"column":2}},"35":{"start":{"line":57,"column":2},"end":{"line":57,"column":28}},"36":{"start":{"line":58,"column":2},"end":{"line":58,"column":21}},"37":{"start":{"line":59,"column":2},"end":{"line":59,"column":37}},"38":{"start":{"line":60,"column":2},"end":{"line":60,"column":55}},"39":{"start":{"line":62,"column":2},"end":{"line":64,"column":3}},"40":{"start":{"line":63,"column":4},"end":{"line":63,"column":80}},"41":{"start":{"line":66,"column":2},"end":{"line":66,"column":18}},"42":{"start":{"line":69,"column":0},"end":{"line":96,"column":2}},"43":{"start":{"line":70,"column":2},"end":{"line":70,"column":18}},"44":{"start":{"line":72,"column":2},"end":{"line":76,"column":3}},"45":{"start":{"line":73,"column":4},"end":{"line":75,"column":7}},"46":{"start":{"line":74,"column":6},"end":{"line":74,"column":31}},"47":{"start":{"line":78,"column":2},"end":{"line":95,"column":4}},"48":{"start":{"line":79,"column":4},"end":{"line":79,"column":20}},"49":{"start":{"line":80,"column":4},"end":{"line":80,"column":25}},"50":{"start":{"line":81,"column":4},"end":{"line":81,"column":26}},"51":{"start":{"line":83,"column":4},"end":{"line":83,"column":67}},"52":{"start":{"line":83,"column":38},"end":{"line":83,"column":67}},"53":{"start":{"line":85,"column":4},"end":{"line":85,"column":31}},"54":{"start":{"line":86,"column":4},"end":{"line":86,"column":34}},"55":{"start":{"line":87,"column":4},"end":{"line":87,"column":32}},"56":{"start":{"line":88,"column":4},"end":{"line":88,"column":41}},"57":{"start":{"line":89,"column":4},"end":{"line":89,"column":35}},"58":{"start":{"line":90,"column":4},"end":{"line":90,"column":39}},"59":{"start":{"line":91,"column":4},"end":{"line":91,"column":44}},"60":{"start":{"line":93,"column":4},"end":{"line":93,"column":30}},"61":{"start":{"line":94,"column":4},"end":{"line":94,"column":14}},"62":{"start":{"line":98,"column":0},"end":{"line":125,"column":2}},"63":{"start":{"line":99,"column":2},"end":{"line":99,"column":18}},"64":{"start":{"line":100,"column":2},"end":{"line":121,"column":4}},"65":{"start":{"line":102,"column":6},"end":{"line":117,"column":9}},"66":{"start":{"line":103,"column":8},"end":{"line":103,"column":24}},"67":{"start":{"line":105,"column":8},"end":{"line":108,"column":23}},"68":{"start":{"line":110,"column":8},"end":{"line":110,"column":36}},"69":{"start":{"line":111,"column":8},"end":{"line":111,"column":33}},"70":{"start":{"line":112,"column":8},"end":{"line":112,"column":38}},"71":{"start":{"line":113,"column":8},"end":{"line":113,"column":38}},"72":{"start":{"line":114,"column":8},"end":{"line":114,"column":45}},"73":{"start":{"line":116,"column":8},"end":{"line":116,"column":34}},"74":{"start":{"line":119,"column":6},"end":{"line":119,"column":13}},"75":{"start":{"line":123,"column":2},"end":{"line":123,"column":44}},"76":{"start":{"line":124,"column":2},"end":{"line":124,"column":16}},"77":{"start":{"line":127,"column":0},"end":{"line":147,"column":2}},"78":{"start":{"line":128,"column":2},"end":{"line":128,"column":18}},"79":{"start":{"line":129,"column":2},"end":{"line":129,"column":60}},"80":{"start":{"line":130,"column":2},"end":{"line":130,"column":70}},"81":{"start":{"line":131,"column":2},"end":{"line":131,"column":33}},"82":{"start":{"line":133,"column":2},"end":{"line":146,"column":5}},"83":{"start":{"line":134,"column":4},"end":{"line":141,"column":5}},"84":{"start":{"line":135,"column":6},"end":{"line":135,"column":54}},"85":{"start":{"line":136,"column":6},"end":{"line":136,"column":32}},"86":{"start":{"line":137,"column":11},"end":{"line":141,"column":5}},"87":{"start":{"line":138,"column":6},"end":{"line":138,"column":52}},"88":{"start":{"line":140,"column":6},"end":{"line":140,"column":59}},"89":{"start":{"line":143,"column":4},"end":{"line":145,"column":5}},"90":{"start":{"line":144,"column":6},"end":{"line":144,"column":22}},"91":{"start":{"line":149,"column":0},"end":{"line":155,"column":2}},"92":{"start":{"line":150,"column":2},"end":{"line":150,"column":18}},"93":{"start":{"line":151,"column":2},"end":{"line":151,"column":60}},"94":{"start":{"line":152,"column":2},"end":{"line":154,"column":5}},"95":{"start":{"line":153,"column":4},"end":{"line":153,"column":34}},"96":{"start":{"line":157,"column":0},"end":{"line":161,"column":2}},"97":{"start":{"line":158,"column":2},"end":{"line":160,"column":3}},"98":{"start":{"line":159,"column":4},"end":{"line":159,"column":23}},"99":{"start":{"line":163,"column":0},"end":{"line":202,"column":2}},"100":{"start":{"line":164,"column":2},"end":{"line":164,"column":36}},"101":{"start":{"line":166,"column":2},"end":{"line":176,"column":26}},"102":{"start":{"line":178,"column":2},"end":{"line":201,"column":5}},"103":{"start":{"line":179,"column":4},"end":{"line":181,"column":5}},"104":{"start":{"line":180,"column":6},"end":{"line":180,"column":34}},"105":{"start":{"line":183,"column":4},"end":{"line":185,"column":5}},"106":{"start":{"line":184,"column":6},"end":{"line":184,"column":49}},"107":{"start":{"line":187,"column":4},"end":{"line":198,"column":5}},"108":{"start":{"line":188,"column":6},"end":{"line":188,"column":53}},"109":{"start":{"line":190,"column":6},"end":{"line":190,"column":62}},"110":{"start":{"line":191,"column":6},"end":{"line":193,"column":30}},"111":{"start":{"line":195,"column":6},"end":{"line":197,"column":9}},"112":{"start":{"line":200,"column":4},"end":{"line":200,"column":56}},"113":{"start":{"line":204,"column":0},"end":{"line":206,"column":2}},"114":{"start":{"line":205,"column":2},"end":{"line":205,"column":28}},"115":{"start":{"line":208,"column":0},"end":{"line":231,"column":2}},"116":{"start":{"line":209,"column":2},"end":{"line":209,"column":36}},"117":{"start":{"line":210,"column":2},"end":{"line":210,"column":19}},"118":{"start":{"line":212,"column":2},"end":{"line":216,"column":5}},"119":{"start":{"line":213,"column":4},"end":{"line":215,"column":5}},"120":{"start":{"line":214,"column":6},"end":{"line":214,"column":18}},"121":{"start":{"line":218,"column":2},"end":{"line":218,"column":36}},"122":{"start":{"line":220,"column":2},"end":{"line":224,"column":5}},"123":{"start":{"line":221,"column":4},"end":{"line":223,"column":5}},"124":{"start":{"line":222,"column":6},"end":{"line":222,"column":30}},"125":{"start":{"line":226,"column":2},"end":{"line":228,"column":3}},"126":{"start":{"line":227,"column":4},"end":{"line":227,"column":39}},"127":{"start":{"line":230,"column":2},"end":{"line":230,"column":70}},"128":{"start":{"line":233,"column":0},"end":{"line":245,"column":2}},"129":{"start":{"line":234,"column":2},"end":{"line":234,"column":18}},"130":{"start":{"line":235,"column":2},"end":{"line":244,"column":4}},"131":{"start":{"line":236,"column":4},"end":{"line":239,"column":5}},"132":{"start":{"line":237,"column":6},"end":{"line":237,"column":32}},"133":{"start":{"line":238,"column":6},"end":{"line":238,"column":13}},"134":{"start":{"line":241,"column":4},"end":{"line":243,"column":5}},"135":{"start":{"line":242,"column":6},"end":{"line":242,"column":30}},"136":{"start":{"line":247,"column":0},"end":{"line":249,"column":2}},"137":{"start":{"line":248,"column":2},"end":{"line":248,"column":57}},"138":{"start":{"line":251,"column":0},"end":{"line":302,"column":2}},"139":{"start":{"line":252,"column":2},"end":{"line":252,"column":19}},"140":{"start":{"line":253,"column":2},"end":{"line":253,"column":18}},"141":{"start":{"line":255,"column":2},"end":{"line":271,"column":3}},"142":{"start":{"line":256,"column":4},"end":{"line":262,"column":7}},"143":{"start":{"line":257,"column":6},"end":{"line":261,"column":7}},"144":{"start":{"line":258,"column":8},"end":{"line":258,"column":40}},"145":{"start":{"line":260,"column":8},"end":{"line":260,"column":36}},"146":{"start":{"line":263,"column":9},"end":{"line":271,"column":3}},"147":{"start":{"line":264,"column":4},"end":{"line":270,"column":7}},"148":{"start":{"line":265,"column":6},"end":{"line":269,"column":7}},"149":{"start":{"line":266,"column":8},"end":{"line":266,"column":36}},"150":{"start":{"line":268,"column":8},"end":{"line":268,"column":40}},"151":{"start":{"line":273,"column":2},"end":{"line":275,"column":3}},"152":{"start":{"line":274,"column":4},"end":{"line":274,"column":40}},"153":{"start":{"line":277,"column":2},"end":{"line":283,"column":5}},"154":{"start":{"line":278,"column":4},"end":{"line":280,"column":5}},"155":{"start":{"line":279,"column":6},"end":{"line":279,"column":13}},"156":{"start":{"line":282,"column":4},"end":{"line":282,"column":37}},"157":{"start":{"line":285,"column":2},"end":{"line":285,"column":39}},"158":{"start":{"line":287,"column":2},"end":{"line":291,"column":3}},"159":{"start":{"line":289,"column":4},"end":{"line":289,"column":46}},"160":{"start":{"line":290,"column":4},"end":{"line":290,"column":46}},"161":{"start":{"line":293,"column":2},"end":{"line":293,"column":41}},"162":{"start":{"line":294,"column":2},"end":{"line":294,"column":49}},"163":{"start":{"line":295,"column":2},"end":{"line":295,"column":47}},"164":{"start":{"line":296,"column":2},"end":{"line":296,"column":41}},"165":{"start":{"line":297,"column":2},"end":{"line":297,"column":57}},"166":{"start":{"line":298,"column":2},"end":{"line":298,"column":39}},"167":{"start":{"line":299,"column":2},"end":{"line":299,"column":37}},"168":{"start":{"line":301,"column":2},"end":{"line":301,"column":17}},"169":{"start":{"line":304,"column":0},"end":{"line":322,"column":2}},"170":{"start":{"line":305,"column":2},"end":{"line":305,"column":19}},"171":{"start":{"line":306,"column":2},"end":{"line":310,"column":4}},"172":{"start":{"line":312,"column":2},"end":{"line":312,"column":33}},"173":{"start":{"line":313,"column":2},"end":{"line":313,"column":43}},"174":{"start":{"line":314,"column":2},"end":{"line":314,"column":25}},"175":{"start":{"line":315,"column":2},"end":{"line":315,"column":35}},"176":{"start":{"line":316,"column":2},"end":{"line":316,"column":54}},"177":{"start":{"line":317,"column":2},"end":{"line":317,"column":29}},"178":{"start":{"line":318,"column":2},"end":{"line":318,"column":36}},"179":{"start":{"line":319,"column":2},"end":{"line":319,"column":30}},"180":{"start":{"line":321,"column":2},"end":{"line":321,"column":17}},"181":{"start":{"line":324,"column":0},"end":{"line":346,"column":2}},"182":{"start":{"line":325,"column":2},"end":{"line":325,"column":36}},"183":{"start":{"line":326,"column":2},"end":{"line":326,"column":18}},"184":{"start":{"line":328,"column":2},"end":{"line":345,"column":4}},"185":{"start":{"line":334,"column":10},"end":{"line":338,"column":12}},"186":{"start":{"line":348,"column":0},"end":{"line":352,"column":2}},"187":{"start":{"line":349,"column":2},"end":{"line":351,"column":9}},"188":{"start":{"line":354,"column":0},"end":{"line":358,"column":2}},"189":{"start":{"line":355,"column":2},"end":{"line":357,"column":9}},"190":{"start":{"line":360,"column":0},"end":{"line":407,"column":2}},"191":{"start":{"line":361,"column":2},"end":{"line":361,"column":20}},"192":{"start":{"line":362,"column":2},"end":{"line":362,"column":38}},"193":{"start":{"line":364,"column":2},"end":{"line":367,"column":3}},"194":{"start":{"line":365,"column":4},"end":{"line":365,"column":32}},"195":{"start":{"line":366,"column":4},"end":{"line":366,"column":26}},"196":{"start":{"line":369,"column":2},"end":{"line":375,"column":23}},"197":{"start":{"line":377,"column":2},"end":{"line":377,"column":55}},"198":{"start":{"line":379,"column":2},"end":{"line":389,"column":26}},"199":{"start":{"line":391,"column":2},"end":{"line":391,"column":49}},"200":{"start":{"line":393,"column":2},"end":{"line":406,"column":5}},"201":{"start":{"line":394,"column":4},"end":{"line":396,"column":5}},"202":{"start":{"line":395,"column":6},"end":{"line":395,"column":34}},"203":{"start":{"line":398,"column":4},"end":{"line":403,"column":5}},"204":{"start":{"line":399,"column":6},"end":{"line":399,"column":53}},"205":{"start":{"line":400,"column":6},"end":{"line":402,"column":9}},"206":{"start":{"line":405,"column":4},"end":{"line":405,"column":51}},"207":{"start":{"line":409,"column":0},"end":{"line":417,"column":2}},"208":{"start":{"line":410,"column":2},"end":{"line":416,"column":5}},"209":{"start":{"line":419,"column":0},"end":{"line":419,"column":26}}},"branchMap":{"1":{"line":21,"type":"binary-expr","locations":[{"start":{"line":21,"column":13},"end":{"line":21,"column":33}},{"start":{"line":21,"column":37},"end":{"line":21,"column":50}}]},"2":{"line":32,"type":"binary-expr","locations":[{"start":{"line":32,"column":21},"end":{"line":32,"column":48}},{"start":{"line":32,"column":52},"end":{"line":32,"column":69}}]},"3":{"line":59,"type":"binary-expr","locations":[{"start":{"line":59,"column":17},"end":{"line":59,"column":20}},{"start":{"line":59,"column":24},"end":{"line":59,"column":36}}]},"4":{"line":60,"type":"binary-expr","locations":[{"start":{"line":60,"column":23},"end":{"line":60,"column":32}},{"start":{"line":60,"column":36},"end":{"line":60,"column":54}}]},"5":{"line":62,"type":"if","locations":[{"start":{"line":62,"column":2},"end":{"line":62,"column":2}},{"start":{"line":62,"column":2},"end":{"line":62,"column":2}}]},"6":{"line":62,"type":"binary-expr","locations":[{"start":{"line":62,"column":6},"end":{"line":62,"column":19}},{"start":{"line":62,"column":23},"end":{"line":62,"column":42}}]},"7":{"line":72,"type":"if","locations":[{"start":{"line":72,"column":2},"end":{"line":72,"column":2}},{"start":{"line":72,"column":2},"end":{"line":72,"column":2}}]},"8":{"line":83,"type":"if","locations":[{"start":{"line":83,"column":4},"end":{"line":83,"column":4}},{"start":{"line":83,"column":4},"end":{"line":83,"column":4}}]},"9":{"line":129,"type":"cond-expr","locations":[{"start":{"line":129,"column":39},"end":{"line":129,"column":42}},{"start":{"line":129,"column":45},"end":{"line":129,"column":59}}]},"10":{"line":131,"type":"binary-expr","locations":[{"start":{"line":131,"column":11},"end":{"line":131,"column":22}},{"start":{"line":131,"column":26},"end":{"line":131,"column":31}}]},"11":{"line":134,"type":"if","locations":[{"start":{"line":134,"column":4},"end":{"line":134,"column":4}},{"start":{"line":134,"column":4},"end":{"line":134,"column":4}}]},"12":{"line":137,"type":"if","locations":[{"start":{"line":137,"column":11},"end":{"line":137,"column":11}},{"start":{"line":137,"column":11},"end":{"line":137,"column":11}}]},"13":{"line":143,"type":"if","locations":[{"start":{"line":143,"column":4},"end":{"line":143,"column":4}},{"start":{"line":143,"column":4},"end":{"line":143,"column":4}}]},"14":{"line":151,"type":"cond-expr","locations":[{"start":{"line":151,"column":49},"end":{"line":151,"column":53}},{"start":{"line":151,"column":56},"end":{"line":151,"column":59}}]},"15":{"line":158,"type":"if","locations":[{"start":{"line":158,"column":2},"end":{"line":158,"column":2}},{"start":{"line":158,"column":2},"end":{"line":158,"column":2}}]},"16":{"line":179,"type":"if","locations":[{"start":{"line":179,"column":4},"end":{"line":179,"column":4}},{"start":{"line":179,"column":4},"end":{"line":179,"column":4}}]},"17":{"line":183,"type":"if","locations":[{"start":{"line":183,"column":4},"end":{"line":183,"column":4}},{"start":{"line":183,"column":4},"end":{"line":183,"column":4}}]},"18":{"line":187,"type":"if","locations":[{"start":{"line":187,"column":4},"end":{"line":187,"column":4}},{"start":{"line":187,"column":4},"end":{"line":187,"column":4}}]},"19":{"line":191,"type":"cond-expr","locations":[{"start":{"line":192,"column":10},"end":{"line":192,"column":31}},{"start":{"line":193,"column":10},"end":{"line":193,"column":29}}]},"20":{"line":213,"type":"if","locations":[{"start":{"line":213,"column":4},"end":{"line":213,"column":4}},{"start":{"line":213,"column":4},"end":{"line":213,"column":4}}]},"21":{"line":221,"type":"if","locations":[{"start":{"line":221,"column":4},"end":{"line":221,"column":4}},{"start":{"line":221,"column":4},"end":{"line":221,"column":4}}]},"22":{"line":226,"type":"if","locations":[{"start":{"line":226,"column":2},"end":{"line":226,"column":2}},{"start":{"line":226,"column":2},"end":{"line":226,"column":2}}]},"23":{"line":226,"type":"binary-expr","locations":[{"start":{"line":226,"column":6},"end":{"line":226,"column":10}},{"start":{"line":226,"column":14},"end":{"line":226,"column":21}}]},"24":{"line":236,"type":"if","locations":[{"start":{"line":236,"column":4},"end":{"line":236,"column":4}},{"start":{"line":236,"column":4},"end":{"line":236,"column":4}}]},"25":{"line":241,"type":"if","locations":[{"start":{"line":241,"column":4},"end":{"line":241,"column":4}},{"start":{"line":241,"column":4},"end":{"line":241,"column":4}}]},"26":{"line":255,"type":"if","locations":[{"start":{"line":255,"column":2},"end":{"line":255,"column":2}},{"start":{"line":255,"column":2},"end":{"line":255,"column":2}}]},"27":{"line":257,"type":"if","locations":[{"start":{"line":257,"column":6},"end":{"line":257,"column":6}},{"start":{"line":257,"column":6},"end":{"line":257,"column":6}}]},"28":{"line":263,"type":"if","locations":[{"start":{"line":263,"column":9},"end":{"line":263,"column":9}},{"start":{"line":263,"column":9},"end":{"line":263,"column":9}}]},"29":{"line":265,"type":"if","locations":[{"start":{"line":265,"column":6},"end":{"line":265,"column":6}},{"start":{"line":265,"column":6},"end":{"line":265,"column":6}}]},"30":{"line":273,"type":"if","locations":[{"start":{"line":273,"column":2},"end":{"line":273,"column":2}},{"start":{"line":273,"column":2},"end":{"line":273,"column":2}}]},"31":{"line":278,"type":"if","locations":[{"start":{"line":278,"column":4},"end":{"line":278,"column":4}},{"start":{"line":278,"column":4},"end":{"line":278,"column":4}}]},"32":{"line":287,"type":"if","locations":[{"start":{"line":287,"column":2},"end":{"line":287,"column":2}},{"start":{"line":287,"column":2},"end":{"line":287,"column":2}}]},"33":{"line":316,"type":"binary-expr","locations":[{"start":{"line":316,"column":39},"end":{"line":316,"column":46}},{"start":{"line":316,"column":50},"end":{"line":316,"column":52}}]},"34":{"line":331,"type":"binary-expr","locations":[{"start":{"line":331,"column":14},"end":{"line":331,"column":22}},{"start":{"line":331,"column":26},"end":{"line":331,"column":33}}]},"35":{"line":335,"type":"binary-expr","locations":[{"start":{"line":335,"column":18},"end":{"line":335,"column":40}},{"start":{"line":335,"column":44},"end":{"line":335,"column":46}}]},"36":{"line":337,"type":"binary-expr","locations":[{"start":{"line":337,"column":22},"end":{"line":337,"column":48}},{"start":{"line":337,"column":52},"end":{"line":337,"column":54}}]},"37":{"line":349,"type":"cond-expr","locations":[{"start":{"line":350,"column":6},"end":{"line":350,"column":17}},{"start":{"line":351,"column":6},"end":{"line":351,"column":8}}]},"38":{"line":355,"type":"cond-expr","locations":[{"start":{"line":356,"column":6},"end":{"line":356,"column":16}},{"start":{"line":357,"column":6},"end":{"line":357,"column":8}}]},"39":{"line":362,"type":"binary-expr","locations":[{"start":{"line":362,"column":25},"end":{"line":362,"column":31}},{"start":{"line":362,"column":35},"end":{"line":362,"column":37}}]},"40":{"line":364,"type":"if","locations":[{"start":{"line":364,"column":2},"end":{"line":364,"column":2}},{"start":{"line":364,"column":2},"end":{"line":364,"column":2}}]},"41":{"line":394,"type":"if","locations":[{"start":{"line":394,"column":4},"end":{"line":394,"column":4}},{"start":{"line":394,"column":4},"end":{"line":394,"column":4}}]},"42":{"line":398,"type":"if","locations":[{"start":{"line":398,"column":4},"end":{"line":398,"column":4}},{"start":{"line":398,"column":4},"end":{"line":398,"column":4}}]}},"code":["var HTTP_STATUS_CODES = require('http').STATUS_CODES;","","var fs = require('fs');","var os = require('os');","var EventEmitter = require('events').EventEmitter;","var request = require('request');","var stackTrace = require('stack-trace');","var merge = require('lodash.merge');","var execSync = require('child_process').execSync;","var url = require('url');","","var truncator = require('../lib/truncator');","","var pkg = require('../package.json');","","function Airbrake() {","  this.key = null;","  this.projectId = null;","","  this.host = 'https://' + os.hostname();","  this.env = process.env.NODE_ENV || 'development';","  this.whiteListKeys = [];","  this.blackListKeys = [];","  this.filters = [];","  this.projectRoot = process.cwd();","  this.appVersion = null;","  this.timeout = 30 * 1000;","  this.consoleLogError = false;","","  this.proxy = null;","  this.protocol = 'https';","  this.serviceHost = process.env.AIRBRAKE_SERVER || 'api.airbrake.io';","  this.requestOptions = {};","  this.ignoredExceptions = [];","  this.exclude = [","    'type',","    'message',","    'arguments',","    'stack',","    'url',","    'session',","    'params',","    'component',","    'action',","    'ua'","  ];","}","","merge(Airbrak
[...]
column":4},"end":{"line":23,"column":5}},"16":{"start":{"line":22,"column":6},"end":{"line":22,"column":31}},"17":{"start":{"line":24,"column":4},"end":{"line":26,"column":5}},"18":{"start":{"line":25,"column":6},"end":{"line":25,"column":25}},"19":{"start":{"line":30,"column":0},"end":{"line":99,"column":2}},"20":{"start":{"line":31,"column":2},"end":{"line":33,"column":3}},"21":{"start":{"line":32,"column":4},"end":{"line":32,"column":17}},"22":{"start":{"line":34,"column":2},"end":{"line":36,"column":3}},"23":{"start":{"line":35,"column":4},"end":{"line":35,"column":13}},"24":{"start":{"line":37,"column":2},"end":{"line":39,"column":3}},"25":{"start":{"line":38,"column":4},"end":{"line":38,"column":14}},"26":{"start":{"line":41,"column":2},"end":{"line":52,"column":3}},"27":{"start":{"line":45,"column":6},"end":{"line":45,"column":19}},"28":{"start":{"line":47,"column":6},"end":{"line":47,"column":40}},"29":{"start":{"line":49,"column":6},"end":{"line":49,"column":12}},"30":{"start":{"line":51,"column":6},"end":{"line":51,"column":27}},"31":{"start":{"line":54,"column":2},"end":{"line":56,"column":3}},"32":{"start":{"line":55,"column":4},"end":{"line":55,"column":49}},"33":{"start":{"line":58,"column":2},"end":{"line":63,"column":3}},"34":{"start":{"line":62,"column":4},"end":{"line":62,"column":17}},"35":{"start":{"line":65,"column":2},"end":{"line":67,"column":3}},"36":{"start":{"line":66,"column":4},"end":{"line":66,"column":28}},"37":{"start":{"line":69,"column":2},"end":{"line":71,"column":3}},"38":{"start":{"line":70,"column":4},"end":{"line":70,"column":52}},"39":{"start":{"line":73,"column":2},"end":{"line":73,"column":36}},"40":{"start":{"line":75,"column":2},"end":{"line":75,"column":10}},"41":{"start":{"line":76,"column":2},"end":{"line":78,"column":3}},"42":{"start":{"line":77,"column":4},"end":{"line":77,"column":38}},"43":{"start":{"line":80,"column":2},"end":{"line":80,"column":22}},"44":{"start":{"line":81,"column":2},"end":{"line":81,"column":24}},"45":{"start":{"line":83,"column":2},"end":{"line":98,"column":3}},"46":{"start":{"line":85,"column":6},"end":{"line":85,"column":46}},"47":{"start":{"line":87,"column":6},"end":{"line":87,"column":47}},"48":{"start":{"line":89,"column":6},"end":{"line":89,"column":32}},"49":{"start":{"line":90,"column":6},"end":{"line":90,"column":24}},"50":{"start":{"line":92,"column":6},"end":{"line":92,"column":50}},"51":{"start":{"line":93,"column":6},"end":{"line":93,"column":24}},"52":{"start":{"line":95,"column":6},"end":{"line":95,"column":28}},"53":{"start":{"line":97,"column":6},"end":{"line":97,"column":17}},"54":{"start":{"line":101,"column":0},"end":{"line":113,"column":2}},"55":{"start":{"line":102,"column":2},"end":{"line":102,"column":39}},"56":{"start":{"line":103,"column":2},"end":{"line":103,"column":32}},"57":{"start":{"line":104,"column":2},"end":{"line":110,"column":3}},"58":{"start":{"line":105,"column":4},"end":{"line":105,"column":27}},"59":{"start":{"line":106,"column":4},"end":{"line":109,"column":5}},"60":{"start":{"line":107,"column":6},"end":{"line":107,"column":18}},"61":{"start":{"line":108,"column":6},"end":{"line":108,"column":33}},"62":{"start":{"line":112,"column":2},"end":{"line":112,"column":30}},"63":{"start":{"line":115,"column":0},"end":{"line":121,"column":2}},"64":{"start":{"line":116,"column":2},"end":{"line":118,"column":3}},"65":{"start":{"line":117,"column":4},"end":{"line":117,"column":52}},"66":{"start":{"line":120,"column":2},"end":{"line":120,"column":11}},"67":{"start":{"line":123,"column":0},"end":{"line":139,"column":2}},"68":{"start":{"line":124,"column":2},"end":{"line":124,"column":17}},"69":{"start":{"line":125,"column":2},"end":{"line":125,"column":15}},"70":{"start":{"line":127,"column":2},"end":{"line":136,"column":3}},"71":{"start":{"line":128,"column":4},"end":{"line":128,"column":20}},"72":{"start":{"line":130,"column":4},"end":{"line":130,"column":13}},"73":{"start":{"line":131,"column":4},"end":{"line":133,"column":5}},"74":{"start":{"line":132,"column":6},"end":{"line":132,"column":12}},"75":{"start":{"line":135,"column":4},"end":{"line":135,"column":42}},"76":{"start":{"line":138,"column":2},"end":{"line":138,"column":13}},"77":{"start":{"line":142,"column":0},"end":{"line":164,"column":2}},"78":{"start":{"line":143,"column":2},"end":{"line":143,"column":17}},"79":{"start":{"line":144,"column":2},"end":{"line":144,"column":15}},"80":{"start":{"line":146,"column":2},"end":{"line":161,"column":3}},"81":{"start":{"line":147,"column":4},"end":{"line":160,"column":5}},"82":{"start":{"line":148,"column":6},"end":{"line":148,"column":28}},"83":{"start":{"line":150,"column":6},"end":{"line":152,"column":7}},"84":{"start":{"line":151,"column":8},"end":{"line":151,"column":17}},"85":{"start":{"line":154,"column":6},"end":{"line":154,"column":15}},"86":{"start":{"line":155,"column":6},"end":{"line":157,"column":7}},"87":{"start":{"line":156,"column":8},"end":{"line":156,"column":14}},"88":{"start":{"line":159,"column":6},"end":{"line":159,"column":52}},"89":{"start":{"line":163,"column":2},"end":{"line":163,"column":13}},"90":{"start":{"line":166,"column":0},"end":{"line":169,"column":2}},"91":{"start":{"line":167,"column":2},"end":{"line":167,"column":47}},"92":{"start":{"line":168,"column":2},"end":{"line":168,"column":40}},"93":{"start":{"line":173,"column":0},"end":{"line":182,"column":1}},"94":{"start":{"line":174,"column":2},"end":{"line":174,"column":15}},"95":{"start":{"line":175,"column":2},"end":{"line":179,"column":3}},"96":{"start":{"line":176,"column":4},"end":{"line":178,"column":5}},"97":{"start":{"line":177,"column":6},"end":{"line":177,"column":60}},"98":{"start":{"line":181,"column":2},"end":{"line":181,"column":13}},"99":{"start":{"line":185,"column":0},"end":{"line":188,"column":2}},"100":{"start":{"line":186,"column":2},"end":{"line":186,"column":31}},"101":{"start":{"line":187,"column":2},"end":{"line":187,"column":27}},"102":{"start":{"line":192,"column":0},"end":{"line":218,"column":2}},"103":{"start":{"line":193,"column":2},"end":{"line":195,"column":3}},"104":{"start":{"line":194,"column":4},"end":{"line":194,"column":22}},"105":{"start":{"line":197,"column":2},"end":{"line":197,"column":13}},"106":{"start":{"line":198,"column":2},"end":{"line":208,"column":3}},"107":{"start":{"line":199,"column":4},"end":{"line":199,"column":56}},"108":{"start":{"line":200,"column":4},"end":{"line":200,"column":54}},"109":{"start":{"line":201,"column":4},"end":{"line":201,"column":64}},"110":{"start":{"line":202,"column":4},"end":{"line":202,"column":56}},"111":{"start":{"line":204,"column":4},"end":{"line":204,"column":31}},"112":{"start":{"line":205,"column":4},"end":{"line":207,"column":5}},"113":{"start":{"line":206,"column":6},"end":{"line":206,"column":15}},"114":{"start":{"line":210,"column":2},"end":{"line":213,"column":4}},"115":{"start":{"line":214,"column":2},"end":{"line":216,"column":4}},"116":{"start":{"line":217,"column":2},"end":{"line":217,"column":12}}},"branchMap":{"1":{"line":2,"type":"if","locations":[{"start":{"line":2,"column":2},"end":{"line":2,"column":2}},{"start":{"line":2,"column":2},"end":{"line":2,"column":2}}]},"2":{"line":2,"type":"binary-expr","locations":[{"start":{"line":2,"column":6},"end":{"line":2,"column":20}},{"start":{"line":2,"column":24},"end":{"line":2,"column":43}},{"start":{"line":2,"column":47},"end":{"line":2,"column":56}}]},"3":{"line":15,"type":"if","locations":[{"start":{"line":15,"column":4},"end":{"line":15,"column":4}},{"start":{"line":15,"column":4},"end":{"line":15,"column":4}}]},"4":{"line":18,"type":"if","locations":[{"start":{"line":18,"column":4},"end":{"line":18,"column":4}},{"start":{"line":18,"column":4},"end":{"line":18,"column":4}}]},"5":{"line":21,"type":"if","locations":[{"start":{"line":21,"column":4},"end":{"line":21,"column":4}},{"start":{"line":21,"column":4},"end":{"line":21,"column":4}}]},"6":{"line":24,"type":"if","locations":[{"start":{"line":24,"column":4},"end":{"line":24,"column":4}},{"start":{"line":24,"column":4},"end":{"line":24,"column":4}}]},"7":{"line":31,"type":"if","locations":[{"start":{"line":31,"column":2},"end":{"line":31,"column":2}},{"start":{"line":31,"column":2},"end":{"line":31,"column":2}}]},"8":{"line":31,"type":"binary-expr","locations":[{"start":{"line":31,"column":6},"end":{"line":31,"column":20}},{"start":{"line":31,"column":24},"end":{"line":31,"column":43}}]},"9":{"line":34,"type":"if","locations":[{"start":{"line":34,"column":2},"end":{"line":34,"column":2}},{"start":{"line":34,"column":2},"end":{"line":34,"column":2}}]},"10":{"line":34,"type":"binary-expr","locations":[{"start":{"line":34,"column":6},"end":{"line":34,"column":18}},{"start":{"line":34,"column":22},"end":{"line":34,"column":39}}]},"11":{"line":37,"type":"if","locations":[{"start":{"line":37,"column":2},"end":{"line":37,"column":2}},{"start":{"line":37,"column":2},"end":{"line":37,"column":2}}]},"12":{"line":37,"type":"binary-expr","locations":[{"start":{"line":37,"column":6},"end":{"line":37,"column":20}},{"start":{"line":37,"column":24},"end":{"line":37,"column":43}}]},"13":{"line":41,"type":"switch","locations":[{"start":{"line":42,"column":4},"end":{"line":42,"column":19}},{"start":{"line":43,"column":4},"end":{"line":43,"column":18}},{"start":{"line":44,"column":4},"end":{"line":45,"column":19}},{"start":{"line":46,"column":4},"end":{"line":47,"column":40}},{"start":{"line":48,"column":4},"end":{"line":49,"column":12}},{"start":{"line":50,"column":4},"end":{"line":51,"column":27}}]},"14":{"line":54,"type":"if","locations":[{"start":{"line":54,"column":2},"end":{"line":54,"column":2}},{"start":{"line":54,"column":2},"end":{"line":54,"column":2}}]},"15":{"line":58,"type":"if","locations":[{"start":{"line":58,"column":2},"end":{"line":58,"column":2}},{"start":{"line":58,"column":2},"end":{"line":58,"column":2}}]},"16":{"line":58,"type":"binary-expr","locations":[{"start":{"line":58,"column":6},"end":{"line":58,"column":30}},{"start":{"line":59,"column":6},"end":{"line":59,"column":29}},{"start":{"line":60,"column":6},"end":{"line":60,"column":27}},{"start":{"line":61,"column":6},"end":{"line":61,"column":29}}]},"17":{"line":65,"type":"if","locations":[{"start":{"line":65,"column":2},"end":{"line":65,"column":2}},{"start":{"line":65,"column":2},"end":{"line":65,"column":2}}]},"18":{"line":69,"type":"if","locations":[{"start":{"line":69,"column":2},"end":{"line":69,"column":2}},{"start":{"line":69,"column":2},"end":{"line":69,"column":2}}]},"19":{"line":76,"type":"if","locations":[{"start":{"line":76,"column":2},"end":{"line":76,"column":2}},{"start":{"line":76,"column":2},"end":{"line":76,"column":2}}]},"20":{"line":83,"type":"switch","locations":[{"start":{"line":84,"column":4},"end":{"line":85,"column":46}},{"start":{"line":86,"column":4},"end":{"line":87,"column":47}},{"start":{"line":88,"column":4},"end":{"line":97,"column":17}}]},"21":{"line":106,"type":"if","locations":[{"start":{"line":106,"column":4},"end":{"line":106,"column":4}},{"start":{"line":106,"column":4},"end":{"line":106,"column":4}}]},"22":{"line":106,"type":"binary-expr","locations":[{"start":{"line":106,"column":8},"end":{"line":106,"column":11}},{"start":{"line":106,"column":15},"end":{"line":106,"column":37}}]},"23":{"line":116,"type":"if","locations":[{"start":{"line":116,"column":2},"end":{"line":116,"column":2}},{"start":{"line":116,"column":2},"end":{"line":116,"column":2}}]},"24":{"line":131,"type":"if","locations":[{"start":{"line":131,"column":4},"end":{"line":131,"column":4}},{"start":{"line":131,"column":4},"end":{"line":131,"column":4}}]},"25":{"line":147,"type":"if","locations":[{"start":{"line":147,"column":4},"end":{"line":147,"column":4}},{"start":{"line":147,"column":4},"end":{"line":147,"column":4}}]},"26":{"line":150,"type":"if","locations":[{"start":{"line":150,"column":6},"end":{"line":150,"column":6}},{"start":{"line":150,"column":6},"end":{"line":150,"column":6}}]},"27":{"line":150,"type":"binary-expr","locations":[{"start":{"line":150,"column":10},"end":{"line":150,"column":29}},{"start":{"line":150,"column":33},"end":{"line":150,"column":60}}]},"28":{"line":155,"type":"if","locations":[{"start":{"line":155,"column":6},"end":{"line":155,"column":6}},{"start":{"line":155,"column":6},"end":{"line":155,"column":6}}]},"29":{"line":176,"type":"if","locations":[{"start":{"line":176,"column":4},"end":{"line":176,"column":4}},{"start":{"line":176,"column":4},"end":{"line":176,"column":4}}]},"30":{"line":193,"type":"if","locations":[{"start":{"line":193,"column":2},"end":{"line":193,"column":2}},{"start":{"line":193,"column":2},"end":{"line":193,"column":2}}]},"31":{"line":193,"type":"binary-expr","locations":[{"start":{"line":193,"column":6},"end":{"line":193,"column":24}},{"start":{"line":193,"column":28},"end":{"line":193,"column":51}}]},"32":{"line":205,"type":"if","locations":[{"start":{"line":205,"column":4},"end":{"line":205,"column":4}},{"start":{"line":205,"column":4},"end":{"line":205,"column":4}}]}},"code":["function Truncator(level) {","  if (level === null || level === undefined || level < 0) {","    level = 0;","  }","","  this.maxStringLength = 1024;","  this.maxObjectLength = 128;","  this.maxArrayLength = 32;","  this.maxDepth = 8;","","  this.keys = [];","  this.seen = [];","","  for (var i = 0; i < level; i++) {","    if (this.maxStringLength > 1) {","      this.maxStringLength /= 2;","    }","    if (this.maxObjectLength > 1) {","      this.maxObjectLength /= 2;","    }","    if (this.maxArrayLength > 1) {","      this.maxArrayLength /= 2;","    }","    if (this.maxDepth > 1) {","      this.maxDepth /= 2;","    }","  }","}","","Truncator.prototype.truncate = function(value, key, depth) {","  if (value === null || value === undefined) {","    return value;","  }","  if (key === null || key === undefined) {","    key = '';","  }","  if (depth === null || depth === undefined) {","    depth = 0;","  }","","  switch (typeof value) {","    case 'boolean':","    case 'number':","    case 'function':","      return value;","    case 'string':","      return this.truncateString(value);","    case 'object':","      break;","    default:","      return String(value);","  }","","  if (value instanceof String) {","    return this.truncateString(value.toString());","  }","","  if (value instanceof Boolean ||","      value instanceof Number ||","      value instanceof Date ||","      value instanceof RegExp) {","    return value;","  }","","  if (value instanceof Error) {","    return value.toString();","  }","","  if (this.seen.indexOf(value) >= 0) {","    return '[Circular ' + this.getPath(value) + ']';","  }","","  var type = this.objectType(value);","","  depth++;","  if (depth > this.maxDepth) {","    return '[Truncated ' + type + ']';","  }","","  this.keys.push(key);","  this.seen.push(value);","","  switch (type) {","    case 'Array':","      return this.truncateArray(value, depth);","    case 'Object':","      return this.truncateObject(value, depth);","    default:","      var saved = this.maxDepth;","      this.maxDepth = 0;","","      var obj = this.truncateObject(value, depth);","      obj.__type = type;","","      this.maxDepth = saved;","","      return obj;","  }","};","","Truncator.prototype.getPath = function(value) {","  var index = this.seen.indexOf(value);","  var path = [this.keys[index]];","  for (var i = index; i >= 0; i--) {","    var sub = this.seen[i];","    if (sub && sub[path[0]] === value) {","      value = sub;","      path.unshift(this.keys[i]);","    }","  }","","  return '~' + path.join('.');","};","","Truncator.prototype.truncateString = function(s) {","  if (s.length > this.maxStringLength) {","    return s.slice(0, this.maxStringLength) + '...';","  }","","  return s;","};","","Truncator.prototype.truncateArray = function(arr, depth) {","  var length = 0;","  var dst = [];","","  for (var i = 0; i < arr.length; i++) {","    var el = arr[i];","","    length++;","    if (length >= this.maxArrayLength) {","      break;","    }","","    dst.push(this.truncate(el, i, depth));","  }","","  return dst;","};","","","Truncator.prototype.truncateObject = function(obj, depth) {","  var length = 0;","  var dst = {};","","  for (var attr in obj) {","    if (Object.prototype.hasOwnProperty.call(obj, attr)) {","      var value = obj[attr];","","      if (value === undefined || typeof value === 'function') {","        continue;","      }","","      length++;","      if (length >= this.maxObjectLength) {","        break;","      }","","      dst[attr] = this.truncate(value, attr, depth);","    }","  }","","  return dst;","};","","Truncator.prototype.objectType = function(obj) {","  var s = Object.prototype.toString.apply(obj);","  return s.slice('[object '.length, -1);","};","","// truncateObj truncates each key in the object separately, which is","// useful for handling circular references.","function truncateObj(obj, level) {","  var dst = {};","  for (var attr in obj) {","    if (Object.prototype.hasOwnProperty.call(obj, attr)) {","      dst[attr] = module.exports.truncate(obj[attr], level);","    }","  }","","  return dst;","}","","","module.exports.truncate = function truncate(value, level) {","  var t = new Truncator(level);","  return t.truncate(value);","};","","// jsonifyNotice serializes notice to JSON and truncates params,","// environment and session keys.","module.exports.jsonifyNotice = function jsonifyNotice(notice, maxLength) {","  if (maxLength === null || maxLength === undefined) {","    maxLength = 64000;","  }","","  var s = '';","  for (var level = 0; level < 8; level++) {","    notice.context = truncateObj(notice.context, level);","    notice.params = truncateObj(notice.params, level);","    notice.environment = truncateObj(notice.environment, level);","    notice.session = truncateObj(notice.session, level);","","    s = JSON.stringify(notice);","    if (s.length < maxLength) {","      return s;","    }","  }","","  var err = new Error(","    'node-airbrake: cannot jsonify notice (length=' + s.length + ' maxLength=' +","      maxLength + ')'","  );","  err.params = {","    json: s.slice(0, Math.floor(maxLength / 2)) + '...'","  };","  throw err;","};",""],"l":{"1":1,"2":0,"3":0,"6":0,"7":0,"8":0,"9":0,"11":0,"12":0,"14":0,"15":0,"16":0,"18":0,"19":0,"21":0,"22":0,"24":0,"25":0,"30":1,"31":0,"32":0,"34":0,"35":0,"37":0,"38":0,"41":0,"45":0,"47":0,"49":0,"51":0,"54":0,"55":0,"58":0,"62":0,"65":0,"66":0,"69":0,"70":0,"73":0,"75":0,"76":0,"77":0,"80":0,"81":0,"83":0,"85":0,"87":0,"89":0,"90":0,"92":0,"93":0,"95":0,"97":0,"101":1,"102":0,"103":0,"104":0,"105":0,"106":0,"107":0,"108":0,"112":0,"115":1,"116":0,"117":0,"120":0,"123":1,"124":0,"125":0,"127":0,"128":0,"130":0,"131":0,"132":0,"135":0,"138":0,"142":1,"143":0,"144":0,"146":0,"147":0,"148":0,"150":0,"151":0,"154":0,"155":0,"156":0,"159":0,"163":0,"166":1,"167":0,"168":0,"173":1,"174":0,"175":0,"176":0,"177":0,"181":0,"185":1,"186":0,"187":0,"192":1,"193":0,"194":0,"197":0,"198":0,"199":0,"200":0,"201":0,"202":0,"204":0,"205":0,"206":0,"210":0,"214":0,"217":0}},"/home/travis/build/npmtest/node-npmtest-airbrake/node_modules/airbrake/.eslintrc.js":{"path":"/home/travis/build/npmtest/node-npmtest-airbrake/node_modules/airbrake/.eslintrc.js","s":{"1":1},"b":{},"f":{},"fnMap":{},"statementMap":{"1":{"start":{"line":1,"column":0},"end":{"line":23,"column":2}}},"branchMap":{},"code":["module.exports = {","  extends: \"airbnb-base/legacy\",","  rules: {","    \"no-console\": 0,","    \"func-names\": 0,","    \"vars-on-top\": 0,","    \"no-underscore-dangle\": [\"error\", {","      allow: [","        '_onError',","        '_callback',","        '_sendRequest',","        '__type'","      ]","    }],","    \"space-before-function-paren\": [\"error\", \"never\"],","    quotes: 0,","    \"no-unused-vars\": [\"error\", {","      \"argsIgnorePattern\": \"^_\"","    }],","    \"no-restricted-syntax\": 0,","    \"no-param-reassign\": 0","  }","};",""],"l":{"1":1}}}